<?xml version="1.0" encoding="UTF-8"?>
<testsuite name="co.ceiba.Controller.VehiculoControllerTest" tests="1" skipped="0" failures="0" errors="0" timestamp="2018-03-03T20:24:23" hostname="HERNAN-RODRIGUEZ" time="0.012">
  <properties/>
  <testcase name="obtenerVehiculosActivos" classname="co.ceiba.Controller.VehiculoControllerTest" time="0.012"/>
  <system-out><![CDATA[2018-03-03 15:24:22.964  INFO 7936 --- [    Test worker] .b.t.a.w.s.WebMvcTestContextBootstrapper : Neither @ContextConfiguration nor @ContextHierarchy found for test class [co.ceiba.Controller.VehiculoControllerTest], using SpringBootContextLoader
2018-03-03 15:24:22.965  INFO 7936 --- [    Test worker] o.s.t.c.support.AbstractContextLoader    : Could not detect default resource locations for test class [co.ceiba.Controller.VehiculoControllerTest]: no resource found for suffixes {-context.xml, Context.groovy}.
2018-03-03 15:24:23.000  INFO 7936 --- [    Test worker] .b.t.c.SpringBootTestContextBootstrapper : Found @SpringBootConfiguration co.ceiba.Main for test class co.ceiba.Controller.VehiculoControllerTest
2018-03-03 15:24:23.003  INFO 7936 --- [    Test worker] .b.t.a.w.s.WebMvcTestContextBootstrapper : Loaded default TestExecutionListener class names from location [META-INF/spring.factories]: [org.springframework.boot.test.autoconfigure.restdocs.RestDocsTestExecutionListener, org.springframework.boot.test.autoconfigure.web.client.MockRestServiceServerResetTestExecutionListener, org.springframework.boot.test.autoconfigure.web.servlet.MockMvcPrintOnlyOnFailureTestExecutionListener, org.springframework.boot.test.autoconfigure.web.servlet.WebDriverTestExecutionListener, org.springframework.boot.test.mock.mockito.MockitoTestExecutionListener, org.springframework.boot.test.mock.mockito.ResetMocksTestExecutionListener, org.springframework.test.context.web.ServletTestExecutionListener, org.springframework.test.context.support.DirtiesContextBeforeModesTestExecutionListener, org.springframework.test.context.support.DependencyInjectionTestExecutionListener, org.springframework.test.context.support.DirtiesContextTestExecutionListener, org.springframework.test.context.transaction.TransactionalTestExecutionListener, org.springframework.test.context.jdbc.SqlScriptsTestExecutionListener]
2018-03-03 15:24:23.006  INFO 7936 --- [    Test worker] .b.t.a.w.s.WebMvcTestContextBootstrapper : Using TestExecutionListeners: [org.springframework.test.context.web.ServletTestExecutionListener@541cca52, org.springframework.test.context.support.DirtiesContextBeforeModesTestExecutionListener@582eec88, org.springframework.boot.test.autoconfigure.SpringBootDependencyInjectionTestExecutionListener@6faa59d5, org.springframework.test.context.support.DirtiesContextTestExecutionListener@3e53ee2e, org.springframework.test.context.transaction.TransactionalTestExecutionListener@cafedec, org.springframework.test.context.jdbc.SqlScriptsTestExecutionListener@23ca0a5d, org.springframework.boot.test.autoconfigure.restdocs.RestDocsTestExecutionListener@1e939b00, org.springframework.boot.test.mock.mockito.ResetMocksTestExecutionListener@3f902462, org.springframework.boot.test.autoconfigure.web.servlet.MockMvcPrintOnlyOnFailureTestExecutionListener@4c236ef1, org.springframework.boot.test.mock.mockito.MockitoTestExecutionListener@3fc81dca, org.springframework.boot.test.autoconfigure.web.client.MockRestServiceServerResetTestExecutionListener@3d01caa8, org.springframework.boot.test.autoconfigure.web.servlet.WebDriverTestExecutionListener@30c5a5e]

  .   ____          _            __ _ _
 /\\ / ___'_ __ _ _(_)_ __  __ _ \ \ \ \
( ( )\___ | '_ | '_| | '_ \/ _` | \ \ \ \
 \\/  ___)| |_)| | | | | || (_| |  ) ) ) )
  '  |____| .__|_| |_|_| |_\__, | / / / /
 =========|_|==============|___/=/_/_/_/
 :: Spring Boot ::        (v1.5.9.RELEASE)

2018-03-03 15:24:23.050  INFO 7936 --- [    Test worker] c.c.Controller.VehiculoControllerTest    : Starting VehiculoControllerTest on HERNAN-RODRIGUEZ with PID 7936 (started by hernan.rodriguez in D:\workspace\parqueaderoREST)
2018-03-03 15:24:23.051  INFO 7936 --- [    Test worker] c.c.Controller.VehiculoControllerTest    : No active profile set, falling back to default profiles: default
2018-03-03 15:24:23.054  INFO 7936 --- [    Test worker] o.s.w.c.s.GenericWebApplicationContext   : Refreshing org.springframework.web.context.support.GenericWebApplicationContext@5b12cbce: startup date [Sat Mar 03 15:24:23 COT 2018]; root of context hierarchy
2018-03-03 15:24:23.433  INFO 7936 --- [    Test worker] s.w.s.m.m.a.RequestMappingHandlerAdapter : Looking for @ControllerAdvice: org.springframework.web.context.support.GenericWebApplicationContext@5b12cbce: startup date [Sat Mar 03 15:24:23 COT 2018]; root of context hierarchy
2018-03-03 15:24:23.449  INFO 7936 --- [    Test worker] s.w.s.m.m.a.RequestMappingHandlerMapping : Mapped "{[/Vehiculo/Vehiculos],methods=[GET]}" onto public java.util.List<co.ceiba.model.Vehiculo> co.ceiba.web.VehiculoController.listarVehiculosActivos()
2018-03-03 15:24:23.451  INFO 7936 --- [    Test worker] s.w.s.m.m.a.RequestMappingHandlerMapping : Mapped "{[/error]}" onto public org.springframework.http.ResponseEntity<java.util.Map<java.lang.String, java.lang.Object>> org.springframework.boot.autoconfigure.web.BasicErrorController.error(javax.servlet.http.HttpServletRequest)
2018-03-03 15:24:23.452  INFO 7936 --- [    Test worker] s.w.s.m.m.a.RequestMappingHandlerMapping : Mapped "{[/error],produces=[text/html]}" onto public org.springframework.web.servlet.ModelAndView org.springframework.boot.autoconfigure.web.BasicErrorController.errorHtml(javax.servlet.http.HttpServletRequest,javax.servlet.http.HttpServletResponse)
2018-03-03 15:24:23.479  INFO 7936 --- [    Test worker] o.s.w.s.handler.SimpleUrlHandlerMapping  : Mapped URL path [/webjars/**] onto handler of type [class org.springframework.web.servlet.resource.ResourceHttpRequestHandler]
2018-03-03 15:24:23.479  INFO 7936 --- [    Test worker] o.s.w.s.handler.SimpleUrlHandlerMapping  : Mapped URL path [/**] onto handler of type [class org.springframework.web.servlet.resource.ResourceHttpRequestHandler]
2018-03-03 15:24:23.511  INFO 7936 --- [    Test worker] o.s.w.s.handler.SimpleUrlHandlerMapping  : Mapped URL path [/**/favicon.ico] onto handler of type [class org.springframework.web.servlet.resource.ResourceHttpRequestHandler]
2018-03-03 15:24:23.571  INFO 7936 --- [    Test worker] o.s.b.t.m.w.SpringBootMockServletContext : Initializing Spring FrameworkServlet ''
2018-03-03 15:24:23.571  INFO 7936 --- [    Test worker] o.s.t.web.servlet.TestDispatcherServlet  : FrameworkServlet '': initialization started
2018-03-03 15:24:23.579  INFO 7936 --- [    Test worker] o.s.t.web.servlet.TestDispatcherServlet  : FrameworkServlet '': initialization completed in 8 ms
2018-03-03 15:24:23.635  INFO 7936 --- [    Test worker] c.c.Controller.VehiculoControllerTest    : Started VehiculoControllerTest in 0.623 seconds (JVM running for 5.77)
2018-03-03 15:24:23.640  INFO 7936 --- [    Test worker] o.s.b.t.m.w.SpringBootMockServletContext : Initializing Spring FrameworkServlet ''
2018-03-03 15:24:23.640  INFO 7936 --- [    Test worker] o.s.t.web.servlet.TestDispatcherServlet  : FrameworkServlet '': initialization started
2018-03-03 15:24:23.642  INFO 7936 --- [    Test worker] o.s.t.web.servlet.TestDispatcherServlet  : FrameworkServlet '': initialization completed in 2 ms

MockHttpServletRequest:
      HTTP Method = GET
      Request URI = /Vehiculo/Vehiculos
       Parameters = {}
          Headers = {}

Handler:
             Type = co.ceiba.web.VehiculoController
           Method = public java.util.List<co.ceiba.model.Vehiculo> co.ceiba.web.VehiculoController.listarVehiculosActivos()

Async:
    Async started = false
     Async result = null

Resolved Exception:
             Type = null

ModelAndView:
        View name = null
             View = null
            Model = null

FlashMap:
       Attributes = null

MockHttpServletResponse:
           Status = 200
    Error message = null
          Headers = {Content-Type=[application/json;charset=UTF-8]}
     Content type = application/json;charset=UTF-8
             Body = [{"idVehiculo":0,"placa":"XYZ123","cilindraje":"1200","estado":1,"tipoVehiculo":1,"id_tipoVehiculo":null}]
    Forwarded URL = null
   Redirected URL = null
          Cookies = []
]]></system-out>
  <system-err><![CDATA[]]></system-err>
</testsuite>
