<?xml version="1.0" encoding="UTF-8"?>
<testsuite name="co.ceiba.process.ReglasParqueaderoProcessTest" tests="2" skipped="0" failures="0" errors="0" timestamp="2018-02-28T21:53:28" hostname="HERNAN-RODRIGUEZ" time="0.004">
  <properties/>
  <testcase name="validarCupoTipoVehiculo" classname="co.ceiba.process.ReglasParqueaderoProcessTest" time="0.002"/>
  <testcase name="validarPlaca" classname="co.ceiba.process.ReglasParqueaderoProcessTest" time="0.001"/>
  <system-out><![CDATA[2018-02-28 16:53:28.294  INFO 6712 --- [    Test worker] o.s.t.c.s.DefaultTestContextBootstrapper : Neither @ContextConfiguration nor @ContextHierarchy found for test class [co.ceiba.process.ReglasParqueaderoProcessTest], using DelegatingSmartContextLoader
2018-02-28 16:53:28.295  INFO 6712 --- [    Test worker] o.s.t.c.support.AbstractContextLoader    : Could not detect default resource locations for test class [co.ceiba.process.ReglasParqueaderoProcessTest]: no resource found for suffixes {-context.xml}.
2018-02-28 16:53:28.295  INFO 6712 --- [    Test worker] t.c.s.AnnotationConfigContextLoaderUtils : Could not detect default configuration classes for test class [co.ceiba.process.ReglasParqueaderoProcessTest]: ReglasParqueaderoProcessTest does not declare any static, non-private, non-final, nested classes annotated with @Configuration.
2018-02-28 16:53:28.300  INFO 6712 --- [    Test worker] o.s.t.c.s.DefaultTestContextBootstrapper : Loaded default TestExecutionListener class names from location [META-INF/spring.factories]: [org.springframework.boot.test.autoconfigure.restdocs.RestDocsTestExecutionListener, org.springframework.boot.test.autoconfigure.web.client.MockRestServiceServerResetTestExecutionListener, org.springframework.boot.test.autoconfigure.web.servlet.MockMvcPrintOnlyOnFailureTestExecutionListener, org.springframework.boot.test.autoconfigure.web.servlet.WebDriverTestExecutionListener, org.springframework.boot.test.mock.mockito.MockitoTestExecutionListener, org.springframework.boot.test.mock.mockito.ResetMocksTestExecutionListener, org.springframework.test.context.web.ServletTestExecutionListener, org.springframework.test.context.support.DirtiesContextBeforeModesTestExecutionListener, org.springframework.test.context.support.DependencyInjectionTestExecutionListener, org.springframework.test.context.support.DirtiesContextTestExecutionListener, org.springframework.test.context.transaction.TransactionalTestExecutionListener, org.springframework.test.context.jdbc.SqlScriptsTestExecutionListener]
2018-02-28 16:53:28.301  INFO 6712 --- [    Test worker] o.s.t.c.s.DefaultTestContextBootstrapper : Using TestExecutionListeners: [org.springframework.test.context.web.ServletTestExecutionListener@74574b0f, org.springframework.test.context.support.DirtiesContextBeforeModesTestExecutionListener@f68afac, org.springframework.test.context.support.DependencyInjectionTestExecutionListener@72f09945, org.springframework.test.context.support.DirtiesContextTestExecutionListener@6c795aaf, org.springframework.test.context.transaction.TransactionalTestExecutionListener@22387b1c, org.springframework.test.context.jdbc.SqlScriptsTestExecutionListener@6867b538, org.springframework.boot.test.mock.mockito.MockitoTestExecutionListener@1eab23c0, org.springframework.boot.test.autoconfigure.web.servlet.MockMvcPrintOnlyOnFailureTestExecutionListener@3821ae98, org.springframework.boot.test.autoconfigure.web.client.MockRestServiceServerResetTestExecutionListener@59a0d21b, org.springframework.boot.test.autoconfigure.restdocs.RestDocsTestExecutionListener@cbb6262, org.springframework.boot.test.autoconfigure.web.servlet.WebDriverTestExecutionListener@4b49e516, org.springframework.boot.test.mock.mockito.ResetMocksTestExecutionListener@7e29c789]
2018-02-28 16:53:28.303  INFO 6712 --- [    Test worker] o.s.c.support.GenericApplicationContext  : Refreshing org.springframework.context.support.GenericApplicationContext@2146e25d: startup date [Wed Feb 28 16:53:28 COT 2018]; root of context hierarchy
]]></system-out>
  <system-err><![CDATA[]]></system-err>
</testsuite>
