<?xml version="1.0" encoding="UTF-8"?>
<testsuite name="co.ceiba.service.EstacionamientoServiceImplTest" tests="2" skipped="0" failures="0" errors="0" timestamp="2018-02-28T21:53:32" hostname="HERNAN-RODRIGUEZ" time="0.07">
  <properties/>
  <testcase name="getEstacionamientoByIdVehiculo" classname="co.ceiba.service.EstacionamientoServiceImplTest" time="0.067"/>
  <testcase name="saveEstacionamiento" classname="co.ceiba.service.EstacionamientoServiceImplTest" time="0.002"/>
  <system-out><![CDATA[2018-02-28 16:53:32.281  INFO 6712 --- [    Test worker] o.s.t.c.s.DefaultTestContextBootstrapper : Neither @ContextConfiguration nor @ContextHierarchy found for test class [co.ceiba.service.EstacionamientoServiceImplTest], using DelegatingSmartContextLoader
2018-02-28 16:53:32.282  INFO 6712 --- [    Test worker] o.s.t.c.support.AbstractContextLoader    : Could not detect default resource locations for test class [co.ceiba.service.EstacionamientoServiceImplTest]: no resource found for suffixes {-context.xml}.
2018-02-28 16:53:32.283  INFO 6712 --- [    Test worker] c.s.AbstractDelegatingSmartContextLoader : AnnotationConfigContextLoader detected default configuration classes for context configuration [ContextConfigurationAttributes@c0822c declaringClass = 'co.ceiba.service.EstacionamientoServiceImplTest', classes = '{class co.ceiba.service.EstacionamientoServiceImplTest$EstacionamientoServiceImplTestContextConfiguration}', locations = '{}', inheritLocations = false, initializers = '{}', inheritInitializers = true, name = [null], contextLoaderClass = 'org.springframework.test.context.ContextLoader'].
2018-02-28 16:53:32.288  INFO 6712 --- [    Test worker] o.s.t.c.s.DefaultTestContextBootstrapper : Loaded default TestExecutionListener class names from location [META-INF/spring.factories]: [org.springframework.boot.test.autoconfigure.restdocs.RestDocsTestExecutionListener, org.springframework.boot.test.autoconfigure.web.client.MockRestServiceServerResetTestExecutionListener, org.springframework.boot.test.autoconfigure.web.servlet.MockMvcPrintOnlyOnFailureTestExecutionListener, org.springframework.boot.test.autoconfigure.web.servlet.WebDriverTestExecutionListener, org.springframework.boot.test.mock.mockito.MockitoTestExecutionListener, org.springframework.boot.test.mock.mockito.ResetMocksTestExecutionListener, org.springframework.test.context.web.ServletTestExecutionListener, org.springframework.test.context.support.DirtiesContextBeforeModesTestExecutionListener, org.springframework.test.context.support.DependencyInjectionTestExecutionListener, org.springframework.test.context.support.DirtiesContextTestExecutionListener, org.springframework.test.context.transaction.TransactionalTestExecutionListener, org.springframework.test.context.jdbc.SqlScriptsTestExecutionListener]
2018-02-28 16:53:32.288  INFO 6712 --- [    Test worker] o.s.t.c.s.DefaultTestContextBootstrapper : Using TestExecutionListeners: [org.springframework.test.context.web.ServletTestExecutionListener@63b48505, org.springframework.test.context.support.DirtiesContextBeforeModesTestExecutionListener@d7a5e4c, org.springframework.test.context.support.DependencyInjectionTestExecutionListener@51e7340e, org.springframework.test.context.support.DirtiesContextTestExecutionListener@36205944, org.springframework.test.context.transaction.TransactionalTestExecutionListener@717b6e28, org.springframework.test.context.jdbc.SqlScriptsTestExecutionListener@2e2cc675, org.springframework.boot.test.mock.mockito.MockitoTestExecutionListener@4683c0fa, org.springframework.boot.test.autoconfigure.web.servlet.MockMvcPrintOnlyOnFailureTestExecutionListener@725d4b17, org.springframework.boot.test.autoconfigure.web.client.MockRestServiceServerResetTestExecutionListener@587d715a, org.springframework.boot.test.autoconfigure.restdocs.RestDocsTestExecutionListener@102a1b4e, org.springframework.boot.test.autoconfigure.web.servlet.WebDriverTestExecutionListener@48769da1, org.springframework.boot.test.mock.mockito.ResetMocksTestExecutionListener@506b624b]
2018-02-28 16:53:32.290  INFO 6712 --- [    Test worker] o.s.c.support.GenericApplicationContext  : Refreshing org.springframework.context.support.GenericApplicationContext@63af3ebd: startup date [Wed Feb 28 16:53:32 COT 2018]; root of context hierarchy
]]></system-out>
  <system-err><![CDATA[]]></system-err>
</testsuite>
