<?xml version="1.0" encoding="UTF-8"?>
<testsuite name="co.ceiba.service.TipoVehiculoServiceImplTest" tests="3" skipped="0" failures="0" errors="0" timestamp="2018-02-28T21:53:32" hostname="HERNAN-RODRIGUEZ" time="0.023">
  <properties/>
  <testcase name="listAllTiposVehiculo" classname="co.ceiba.service.TipoVehiculoServiceImplTest" time="0.014"/>
  <testcase name="getTipoVehiculoById" classname="co.ceiba.service.TipoVehiculoServiceImplTest" time="0.002"/>
  <testcase name="getTipoVehiculoByNombre" classname="co.ceiba.service.TipoVehiculoServiceImplTest" time="0.005"/>
  <system-out><![CDATA[2018-02-28 16:53:32.410  INFO 6712 --- [    Test worker] o.s.t.c.s.DefaultTestContextBootstrapper : Neither @ContextConfiguration nor @ContextHierarchy found for test class [co.ceiba.service.TipoVehiculoServiceImplTest], using DelegatingSmartContextLoader
2018-02-28 16:53:32.410  INFO 6712 --- [    Test worker] o.s.t.c.support.AbstractContextLoader    : Could not detect default resource locations for test class [co.ceiba.service.TipoVehiculoServiceImplTest]: no resource found for suffixes {-context.xml}.
2018-02-28 16:53:32.411  INFO 6712 --- [    Test worker] c.s.AbstractDelegatingSmartContextLoader : AnnotationConfigContextLoader detected default configuration classes for context configuration [ContextConfigurationAttributes@5415ea98 declaringClass = 'co.ceiba.service.TipoVehiculoServiceImplTest', classes = '{class co.ceiba.service.TipoVehiculoServiceImplTest$TipoVehiculoServiceImplTestContextConfiguration}', locations = '{}', inheritLocations = false, initializers = '{}', inheritInitializers = true, name = [null], contextLoaderClass = 'org.springframework.test.context.ContextLoader'].
2018-02-28 16:53:32.415  INFO 6712 --- [    Test worker] o.s.t.c.s.DefaultTestContextBootstrapper : Loaded default TestExecutionListener class names from location [META-INF/spring.factories]: [org.springframework.boot.test.autoconfigure.restdocs.RestDocsTestExecutionListener, org.springframework.boot.test.autoconfigure.web.client.MockRestServiceServerResetTestExecutionListener, org.springframework.boot.test.autoconfigure.web.servlet.MockMvcPrintOnlyOnFailureTestExecutionListener, org.springframework.boot.test.autoconfigure.web.servlet.WebDriverTestExecutionListener, org.springframework.boot.test.mock.mockito.MockitoTestExecutionListener, org.springframework.boot.test.mock.mockito.ResetMocksTestExecutionListener, org.springframework.test.context.web.ServletTestExecutionListener, org.springframework.test.context.support.DirtiesContextBeforeModesTestExecutionListener, org.springframework.test.context.support.DependencyInjectionTestExecutionListener, org.springframework.test.context.support.DirtiesContextTestExecutionListener, org.springframework.test.context.transaction.TransactionalTestExecutionListener, org.springframework.test.context.jdbc.SqlScriptsTestExecutionListener]
2018-02-28 16:53:32.415  INFO 6712 --- [    Test worker] o.s.t.c.s.DefaultTestContextBootstrapper : Using TestExecutionListeners: [org.springframework.test.context.web.ServletTestExecutionListener@6f5d8aa0, org.springframework.test.context.support.DirtiesContextBeforeModesTestExecutionListener@32a3f8cb, org.springframework.test.context.support.DependencyInjectionTestExecutionListener@7d7b3db4, org.springframework.test.context.support.DirtiesContextTestExecutionListener@778de119, org.springframework.test.context.transaction.TransactionalTestExecutionListener@74866dc2, org.springframework.test.context.jdbc.SqlScriptsTestExecutionListener@59cea639, org.springframework.boot.test.mock.mockito.MockitoTestExecutionListener@7d7ca629, org.springframework.boot.test.autoconfigure.web.servlet.MockMvcPrintOnlyOnFailureTestExecutionListener@65e105b6, org.springframework.boot.test.autoconfigure.web.client.MockRestServiceServerResetTestExecutionListener@224e9cb5, org.springframework.boot.test.autoconfigure.restdocs.RestDocsTestExecutionListener@e9d09ab, org.springframework.boot.test.autoconfigure.web.servlet.WebDriverTestExecutionListener@1648abbf, org.springframework.boot.test.mock.mockito.ResetMocksTestExecutionListener@7be9c075]
2018-02-28 16:53:32.418  INFO 6712 --- [    Test worker] o.s.c.support.GenericApplicationContext  : Refreshing org.springframework.context.support.GenericApplicationContext@2d144089: startup date [Wed Feb 28 16:53:32 COT 2018]; root of context hierarchy
id vehiculo construido: 0
id vehiculo recuperado: 0
]]></system-out>
  <system-err><![CDATA[]]></system-err>
</testsuite>
