<?xml version="1.0" encoding="UTF-8"?>
<testsuite name="co.ceiba.repository.TipoVehiculoRepositoryTest" tests="2" skipped="0" failures="0" errors="0" timestamp="2018-02-28T21:53:32" hostname="HERNAN-RODRIGUEZ" time="0.027">
  <properties/>
  <testcase name="buscarTiposVehiculosPorNombre" classname="co.ceiba.repository.TipoVehiculoRepositoryTest" time="0.012"/>
  <testcase name="buscarTiposVehiculos" classname="co.ceiba.repository.TipoVehiculoRepositoryTest" time="0.013"/>
  <system-out><![CDATA[2018-02-28 16:53:32.133  INFO 6712 --- [    Test worker] .b.t.c.SpringBootTestContextBootstrapper : Neither @ContextConfiguration nor @ContextHierarchy found for test class [co.ceiba.repository.TipoVehiculoRepositoryTest], using SpringBootContextLoader
2018-02-28 16:53:32.134  INFO 6712 --- [    Test worker] o.s.t.c.support.AbstractContextLoader    : Could not detect default resource locations for test class [co.ceiba.repository.TipoVehiculoRepositoryTest]: no resource found for suffixes {-context.xml, Context.groovy}.
2018-02-28 16:53:32.134  INFO 6712 --- [    Test worker] t.c.s.AnnotationConfigContextLoaderUtils : Could not detect default configuration classes for test class [co.ceiba.repository.TipoVehiculoRepositoryTest]: TipoVehiculoRepositoryTest does not declare any static, non-private, non-final, nested classes annotated with @Configuration.
2018-02-28 16:53:32.151  INFO 6712 --- [    Test worker] .b.t.c.SpringBootTestContextBootstrapper : Found @SpringBootConfiguration co.ceiba.Main for test class co.ceiba.repository.TipoVehiculoRepositoryTest
2018-02-28 16:53:32.153  INFO 6712 --- [    Test worker] .b.t.c.SpringBootTestContextBootstrapper : Loaded default TestExecutionListener class names from location [META-INF/spring.factories]: [org.springframework.boot.test.autoconfigure.restdocs.RestDocsTestExecutionListener, org.springframework.boot.test.autoconfigure.web.client.MockRestServiceServerResetTestExecutionListener, org.springframework.boot.test.autoconfigure.web.servlet.MockMvcPrintOnlyOnFailureTestExecutionListener, org.springframework.boot.test.autoconfigure.web.servlet.WebDriverTestExecutionListener, org.springframework.boot.test.mock.mockito.MockitoTestExecutionListener, org.springframework.boot.test.mock.mockito.ResetMocksTestExecutionListener, org.springframework.test.context.web.ServletTestExecutionListener, org.springframework.test.context.support.DirtiesContextBeforeModesTestExecutionListener, org.springframework.test.context.support.DependencyInjectionTestExecutionListener, org.springframework.test.context.support.DirtiesContextTestExecutionListener, org.springframework.test.context.transaction.TransactionalTestExecutionListener, org.springframework.test.context.jdbc.SqlScriptsTestExecutionListener]
2018-02-28 16:53:32.155  INFO 6712 --- [    Test worker] .b.t.c.SpringBootTestContextBootstrapper : Using TestExecutionListeners: [org.springframework.test.context.web.ServletTestExecutionListener@15504498, org.springframework.test.context.support.DirtiesContextBeforeModesTestExecutionListener@15d83ff9, org.springframework.boot.test.autoconfigure.SpringBootDependencyInjectionTestExecutionListener@9e51eaa, org.springframework.test.context.support.DirtiesContextTestExecutionListener@36709242, org.springframework.test.context.transaction.TransactionalTestExecutionListener@21937490, org.springframework.test.context.jdbc.SqlScriptsTestExecutionListener@75e0a0ac, org.springframework.boot.test.mock.mockito.MockitoTestExecutionListener@5451f0f4, org.springframework.boot.test.autoconfigure.web.servlet.MockMvcPrintOnlyOnFailureTestExecutionListener@66818abe, org.springframework.boot.test.autoconfigure.web.client.MockRestServiceServerResetTestExecutionListener@5c0c550a, org.springframework.boot.test.autoconfigure.restdocs.RestDocsTestExecutionListener@2c997be7, org.springframework.boot.test.autoconfigure.web.servlet.WebDriverTestExecutionListener@7714f8d0, org.springframework.boot.test.mock.mockito.ResetMocksTestExecutionListener@1d2a58f6]
2018-02-28 16:53:32.165  INFO 6712 --- [    Test worker] o.s.t.c.transaction.TransactionContext   : Began transaction (1) for test context [DefaultTestContext@4b407707 testClass = TipoVehiculoRepositoryTest, testInstance = co.ceiba.repository.TipoVehiculoRepositoryTest@247c18df, testMethod = buscarTiposVehiculosPorNombre@TipoVehiculoRepositoryTest, testException = [null], mergedContextConfiguration = [MergedContextConfiguration@23b0ea5c testClass = TipoVehiculoRepositoryTest, locations = '{}', classes = '{class co.ceiba.Main}', contextInitializerClasses = '[]', activeProfiles = '{}', propertySourceLocations = '{}', propertySourceProperties = '{org.springframework.boot.test.context.SpringBootTestContextBootstrapper=true}', contextCustomizers = set[org.springframework.boot.test.autoconfigure.OverrideAutoConfigurationContextCustomizerFactory$DisableAutoConfigurationContextCustomizer@63632243, org.springframework.boot.test.autoconfigure.filter.TypeExcludeFiltersContextCustomizer@351584c0, org.springframework.boot.test.autoconfigure.properties.PropertyMappingContextCustomizer@11fdcd6e, org.springframework.boot.test.autoconfigure.web.servlet.WebDriverContextCustomizerFactory$Customizer@1825c975, [ImportsContextCustomizer@4411fb8e key = [org.springframework.boot.autoconfigure.cache.CacheAutoConfiguration, org.springframework.boot.autoconfigure.data.jpa.JpaRepositoriesAutoConfiguration, org.springframework.boot.autoconfigure.flyway.FlywayAutoConfiguration, org.springframework.boot.autoconfigure.jdbc.DataSourceAutoConfiguration, org.springframework.boot.autoconfigure.jdbc.DataSourceTransactionManagerAutoConfiguration, org.springframework.boot.autoconfigure.jdbc.JdbcTemplateAutoConfiguration, org.springframework.boot.autoconfigure.liquibase.LiquibaseAutoConfiguration, org.springframework.boot.autoconfigure.orm.jpa.HibernateJpaAutoConfiguration, org.springframework.boot.autoconfigure.transaction.TransactionAutoConfiguration, org.springframework.boot.test.autoconfigure.jdbc.TestDatabaseAutoConfiguration, org.springframework.boot.test.autoconfigure.orm.jpa.TestEntityManagerAutoConfiguration]], org.springframework.boot.test.context.filter.ExcludeFilterContextCustomizer@6c2c0f30, org.springframework.boot.test.json.DuplicateJsonObjectContextCustomizerFactory$DuplicateJsonObjectContextCustomizer@48d69635, org.springframework.boot.test.mock.mockito.MockitoContextCustomizer@0], contextLoader = 'org.springframework.boot.test.context.SpringBootContextLoader', parent = [null]]]; transaction manager [org.springframework.orm.jpa.JpaTransactionManager@14b6148e]; rollback [true]
Hibernate: select nextval ('hibernate_sequence')
Hibernate: insert into tipo_vehiculo (nombre_tipovehiculo, valor_dia, valor_hora, id_tipovehiculo) values (?, ?, ?, ?)
Hibernate: select tipovehicu0_.id_tipovehiculo as id_tipov1_1_, tipovehicu0_.nombre_tipovehiculo as nombre_t2_1_, tipovehicu0_.valor_dia as valor_di3_1_, tipovehicu0_.valor_hora as valor_ho4_1_ from tipo_vehiculo tipovehicu0_ where tipovehicu0_.nombre_tipovehiculo=?
2018-02-28 16:53:32.176  INFO 6712 --- [    Test worker] o.s.t.c.transaction.TransactionContext   : Rolled back transaction for test context [DefaultTestContext@4b407707 testClass = TipoVehiculoRepositoryTest, testInstance = co.ceiba.repository.TipoVehiculoRepositoryTest@247c18df, testMethod = buscarTiposVehiculosPorNombre@TipoVehiculoRepositoryTest, testException = [null], mergedContextConfiguration = [MergedContextConfiguration@23b0ea5c testClass = TipoVehiculoRepositoryTest, locations = '{}', classes = '{class co.ceiba.Main}', contextInitializerClasses = '[]', activeProfiles = '{}', propertySourceLocations = '{}', propertySourceProperties = '{org.springframework.boot.test.context.SpringBootTestContextBootstrapper=true}', contextCustomizers = set[org.springframework.boot.test.autoconfigure.OverrideAutoConfigurationContextCustomizerFactory$DisableAutoConfigurationContextCustomizer@63632243, org.springframework.boot.test.autoconfigure.filter.TypeExcludeFiltersContextCustomizer@351584c0, org.springframework.boot.test.autoconfigure.properties.PropertyMappingContextCustomizer@11fdcd6e, org.springframework.boot.test.autoconfigure.web.servlet.WebDriverContextCustomizerFactory$Customizer@1825c975, [ImportsContextCustomizer@4411fb8e key = [org.springframework.boot.autoconfigure.cache.CacheAutoConfiguration, org.springframework.boot.autoconfigure.data.jpa.JpaRepositoriesAutoConfiguration, org.springframework.boot.autoconfigure.flyway.FlywayAutoConfiguration, org.springframework.boot.autoconfigure.jdbc.DataSourceAutoConfiguration, org.springframework.boot.autoconfigure.jdbc.DataSourceTransactionManagerAutoConfiguration, org.springframework.boot.autoconfigure.jdbc.JdbcTemplateAutoConfiguration, org.springframework.boot.autoconfigure.liquibase.LiquibaseAutoConfiguration, org.springframework.boot.autoconfigure.orm.jpa.HibernateJpaAutoConfiguration, org.springframework.boot.autoconfigure.transaction.TransactionAutoConfiguration, org.springframework.boot.test.autoconfigure.jdbc.TestDatabaseAutoConfiguration, org.springframework.boot.test.autoconfigure.orm.jpa.TestEntityManagerAutoConfiguration]], org.springframework.boot.test.context.filter.ExcludeFilterContextCustomizer@6c2c0f30, org.springframework.boot.test.json.DuplicateJsonObjectContextCustomizerFactory$DuplicateJsonObjectContextCustomizer@48d69635, org.springframework.boot.test.mock.mockito.MockitoContextCustomizer@0], contextLoader = 'org.springframework.boot.test.context.SpringBootContextLoader', parent = [null]]].
2018-02-28 16:53:32.178  INFO 6712 --- [    Test worker] o.s.t.c.transaction.TransactionContext   : Began transaction (1) for test context [DefaultTestContext@4b407707 testClass = TipoVehiculoRepositoryTest, testInstance = co.ceiba.repository.TipoVehiculoRepositoryTest@5c201319, testMethod = buscarTiposVehiculos@TipoVehiculoRepositoryTest, testException = [null], mergedContextConfiguration = [MergedContextConfiguration@23b0ea5c testClass = TipoVehiculoRepositoryTest, locations = '{}', classes = '{class co.ceiba.Main}', contextInitializerClasses = '[]', activeProfiles = '{}', propertySourceLocations = '{}', propertySourceProperties = '{org.springframework.boot.test.context.SpringBootTestContextBootstrapper=true}', contextCustomizers = set[org.springframework.boot.test.autoconfigure.OverrideAutoConfigurationContextCustomizerFactory$DisableAutoConfigurationContextCustomizer@63632243, org.springframework.boot.test.autoconfigure.filter.TypeExcludeFiltersContextCustomizer@351584c0, org.springframework.boot.test.autoconfigure.properties.PropertyMappingContextCustomizer@11fdcd6e, org.springframework.boot.test.autoconfigure.web.servlet.WebDriverContextCustomizerFactory$Customizer@1825c975, [ImportsContextCustomizer@4411fb8e key = [org.springframework.boot.autoconfigure.cache.CacheAutoConfiguration, org.springframework.boot.autoconfigure.data.jpa.JpaRepositoriesAutoConfiguration, org.springframework.boot.autoconfigure.flyway.FlywayAutoConfiguration, org.springframework.boot.autoconfigure.jdbc.DataSourceAutoConfiguration, org.springframework.boot.autoconfigure.jdbc.DataSourceTransactionManagerAutoConfiguration, org.springframework.boot.autoconfigure.jdbc.JdbcTemplateAutoConfiguration, org.springframework.boot.autoconfigure.liquibase.LiquibaseAutoConfiguration, org.springframework.boot.autoconfigure.orm.jpa.HibernateJpaAutoConfiguration, org.springframework.boot.autoconfigure.transaction.TransactionAutoConfiguration, org.springframework.boot.test.autoconfigure.jdbc.TestDatabaseAutoConfiguration, org.springframework.boot.test.autoconfigure.orm.jpa.TestEntityManagerAutoConfiguration]], org.springframework.boot.test.context.filter.ExcludeFilterContextCustomizer@6c2c0f30, org.springframework.boot.test.json.DuplicateJsonObjectContextCustomizerFactory$DuplicateJsonObjectContextCustomizer@48d69635, org.springframework.boot.test.mock.mockito.MockitoContextCustomizer@0], contextLoader = 'org.springframework.boot.test.context.SpringBootContextLoader', parent = [null]]]; transaction manager [org.springframework.orm.jpa.JpaTransactionManager@14b6148e]; rollback [true]
Hibernate: select nextval ('hibernate_sequence')
Hibernate: insert into tipo_vehiculo (nombre_tipovehiculo, valor_dia, valor_hora, id_tipovehiculo) values (?, ?, ?, ?)
Hibernate: select tipovehicu0_.id_tipovehiculo as id_tipov1_1_, tipovehicu0_.nombre_tipovehiculo as nombre_t2_1_, tipovehicu0_.valor_dia as valor_di3_1_, tipovehicu0_.valor_hora as valor_ho4_1_ from tipo_vehiculo tipovehicu0_
2018-02-28 16:53:32.191  INFO 6712 --- [    Test worker] o.s.t.c.transaction.TransactionContext   : Rolled back transaction for test context [DefaultTestContext@4b407707 testClass = TipoVehiculoRepositoryTest, testInstance = co.ceiba.repository.TipoVehiculoRepositoryTest@5c201319, testMethod = buscarTiposVehiculos@TipoVehiculoRepositoryTest, testException = [null], mergedContextConfiguration = [MergedContextConfiguration@23b0ea5c testClass = TipoVehiculoRepositoryTest, locations = '{}', classes = '{class co.ceiba.Main}', contextInitializerClasses = '[]', activeProfiles = '{}', propertySourceLocations = '{}', propertySourceProperties = '{org.springframework.boot.test.context.SpringBootTestContextBootstrapper=true}', contextCustomizers = set[org.springframework.boot.test.autoconfigure.OverrideAutoConfigurationContextCustomizerFactory$DisableAutoConfigurationContextCustomizer@63632243, org.springframework.boot.test.autoconfigure.filter.TypeExcludeFiltersContextCustomizer@351584c0, org.springframework.boot.test.autoconfigure.properties.PropertyMappingContextCustomizer@11fdcd6e, org.springframework.boot.test.autoconfigure.web.servlet.WebDriverContextCustomizerFactory$Customizer@1825c975, [ImportsContextCustomizer@4411fb8e key = [org.springframework.boot.autoconfigure.cache.CacheAutoConfiguration, org.springframework.boot.autoconfigure.data.jpa.JpaRepositoriesAutoConfiguration, org.springframework.boot.autoconfigure.flyway.FlywayAutoConfiguration, org.springframework.boot.autoconfigure.jdbc.DataSourceAutoConfiguration, org.springframework.boot.autoconfigure.jdbc.DataSourceTransactionManagerAutoConfiguration, org.springframework.boot.autoconfigure.jdbc.JdbcTemplateAutoConfiguration, org.springframework.boot.autoconfigure.liquibase.LiquibaseAutoConfiguration, org.springframework.boot.autoconfigure.orm.jpa.HibernateJpaAutoConfiguration, org.springframework.boot.autoconfigure.transaction.TransactionAutoConfiguration, org.springframework.boot.test.autoconfigure.jdbc.TestDatabaseAutoConfiguration, org.springframework.boot.test.autoconfigure.orm.jpa.TestEntityManagerAutoConfiguration]], org.springframework.boot.test.context.filter.ExcludeFilterContextCustomizer@6c2c0f30, org.springframework.boot.test.json.DuplicateJsonObjectContextCustomizerFactory$DuplicateJsonObjectContextCustomizer@48d69635, org.springframework.boot.test.mock.mockito.MockitoContextCustomizer@0], contextLoader = 'org.springframework.boot.test.context.SpringBootContextLoader', parent = [null]]].
]]></system-out>
  <system-err><![CDATA[]]></system-err>
</testsuite>
