<?xml version="1.0" encoding="UTF-8"?>
<testsuite name="co.ceiba.service.EstacionamientoServiceImplTest" tests="3" skipped="0" failures="0" errors="0" timestamp="2018-02-28T01:22:27" hostname="HERNAN-RODRIGUEZ" time="0.095">
  <properties/>
  <testcase name="getEstacionamientoByIdVehiculo" classname="co.ceiba.service.EstacionamientoServiceImplTest" time="0.089"/>
  <testcase name="saveEstacionamiento" classname="co.ceiba.service.EstacionamientoServiceImplTest" time="0.002"/>
  <testcase name="deleteEstacionamiento" classname="co.ceiba.service.EstacionamientoServiceImplTest" time="0.002"/>
  <system-out><![CDATA[]]></system-out>
  <system-err><![CDATA[[Test worker] INFO org.springframework.test.context.support.DefaultTestContextBootstrapper - Neither @ContextConfiguration nor @ContextHierarchy found for test class [co.ceiba.service.EstacionamientoServiceImplTest], using DelegatingSmartContextLoader
[Test worker] INFO org.springframework.test.context.support.AbstractContextLoader - Could not detect default resource locations for test class [co.ceiba.service.EstacionamientoServiceImplTest]: no resource found for suffixes {-context.xml}.
[Test worker] INFO org.springframework.test.context.support.AbstractDelegatingSmartContextLoader - AnnotationConfigContextLoader detected default configuration classes for context configuration [ContextConfigurationAttributes@18be5823 declaringClass = 'co.ceiba.service.EstacionamientoServiceImplTest', classes = '{class co.ceiba.service.EstacionamientoServiceImplTest$EstacionamientoServiceImplTestContextConfiguration}', locations = '{}', inheritLocations = false, initializers = '{}', inheritInitializers = true, name = [null], contextLoaderClass = 'org.springframework.test.context.ContextLoader'].
[Test worker] INFO org.springframework.test.context.support.DefaultTestContextBootstrapper - Loaded default TestExecutionListener class names from location [META-INF/spring.factories]: [org.springframework.boot.test.autoconfigure.restdocs.RestDocsTestExecutionListener, org.springframework.boot.test.autoconfigure.web.client.MockRestServiceServerResetTestExecutionListener, org.springframework.boot.test.autoconfigure.web.servlet.MockMvcPrintOnlyOnFailureTestExecutionListener, org.springframework.boot.test.autoconfigure.web.servlet.WebDriverTestExecutionListener, org.springframework.boot.test.mock.mockito.MockitoTestExecutionListener, org.springframework.boot.test.mock.mockito.ResetMocksTestExecutionListener, org.springframework.test.context.web.ServletTestExecutionListener, org.springframework.test.context.support.DirtiesContextBeforeModesTestExecutionListener, org.springframework.test.context.support.DependencyInjectionTestExecutionListener, org.springframework.test.context.support.DirtiesContextTestExecutionListener, org.springframework.test.context.transaction.TransactionalTestExecutionListener, org.springframework.test.context.jdbc.SqlScriptsTestExecutionListener]
[Test worker] INFO org.springframework.test.context.support.DefaultTestContextBootstrapper - Using TestExecutionListeners: [org.springframework.test.context.web.ServletTestExecutionListener@26c325f7, org.springframework.test.context.support.DirtiesContextBeforeModesTestExecutionListener@3c0dfb24, org.springframework.test.context.support.DependencyInjectionTestExecutionListener@2e85c19b, org.springframework.test.context.support.DirtiesContextTestExecutionListener@67268720, org.springframework.test.context.transaction.TransactionalTestExecutionListener@58f5eaae, org.springframework.test.context.jdbc.SqlScriptsTestExecutionListener@bf2fe4f, org.springframework.boot.test.autoconfigure.restdocs.RestDocsTestExecutionListener@bfb6fb3, org.springframework.boot.test.autoconfigure.web.client.MockRestServiceServerResetTestExecutionListener@5837e66b, org.springframework.boot.test.autoconfigure.web.servlet.MockMvcPrintOnlyOnFailureTestExecutionListener@2fe0d759, org.springframework.boot.test.autoconfigure.web.servlet.WebDriverTestExecutionListener@337c546c, org.springframework.boot.test.mock.mockito.MockitoTestExecutionListener@63aa3347, org.springframework.boot.test.mock.mockito.ResetMocksTestExecutionListener@44995e7]
[Test worker] WARN org.springframework.boot.test.json.DuplicateJsonObjectContextCustomizerFactory$DuplicateJsonObjectContextCustomizer - 

Found multiple occurrences of org.json.JSONObject on the class path:

	jar:file:/C:/Users/hernan.rodriguez/.gradle/caches/modules-2/files-2.1/org.json/json/20180130/26ba2ec0e791a32ea5dfbedfcebf36447ee5b12c/json-20180130.jar!/org/json/JSONObject.class
	jar:file:/C:/Users/hernan.rodriguez/.gradle/caches/modules-2/files-2.1/com.vaadin.external.google/android-json/0.0.20131108.vaadin1/fa26d351fe62a6a17f5cda1287c1c6110dec413f/android-json-0.0.20131108.vaadin1.jar!/org/json/JSONObject.class

You may wish to exclude one of them to ensure predictable runtime behavior

[Test worker] INFO org.springframework.context.support.GenericApplicationContext - Refreshing org.springframework.context.support.GenericApplicationContext@722490f3: startup date [Tue Feb 27 20:22:26 COT 2018]; root of context hierarchy
]]></system-err>
</testsuite>
