<?xml version="1.0" encoding="UTF-8"?>
<testsuite name="co.ceiba.service.VehiculoServiceImplTest" tests="4" skipped="0" failures="0" errors="0" timestamp="2018-03-03T20:24:32" hostname="HERNAN-RODRIGUEZ" time="0.011">
  <properties/>
  <testcase name="getByEstado" classname="co.ceiba.service.VehiculoServiceImplTest" time="0.002"/>
  <testcase name="getVehiculoByPlaca" classname="co.ceiba.service.VehiculoServiceImplTest" time="0.003"/>
  <testcase name="getByTipoVehiculoAndEstado" classname="co.ceiba.service.VehiculoServiceImplTest" time="0.001"/>
  <testcase name="saveVehiculo" classname="co.ceiba.service.VehiculoServiceImplTest" time="0.002"/>
  <system-out><![CDATA[2018-03-03 15:24:32.782  INFO 7936 --- [    Test worker] o.s.t.c.s.DefaultTestContextBootstrapper : Neither @ContextConfiguration nor @ContextHierarchy found for test class [co.ceiba.service.VehiculoServiceImplTest], using DelegatingSmartContextLoader
2018-03-03 15:24:32.783  INFO 7936 --- [    Test worker] o.s.t.c.support.AbstractContextLoader    : Could not detect default resource locations for test class [co.ceiba.service.VehiculoServiceImplTest]: no resource found for suffixes {-context.xml}.
2018-03-03 15:24:32.784  INFO 7936 --- [    Test worker] c.s.AbstractDelegatingSmartContextLoader : AnnotationConfigContextLoader detected default configuration classes for context configuration [ContextConfigurationAttributes@7afc1b2e declaringClass = 'co.ceiba.service.VehiculoServiceImplTest', classes = '{class co.ceiba.service.VehiculoServiceImplTest$VehiculoServiceImplTestContextConfiguration}', locations = '{}', inheritLocations = false, initializers = '{}', inheritInitializers = true, name = [null], contextLoaderClass = 'org.springframework.test.context.ContextLoader'].
2018-03-03 15:24:32.788  INFO 7936 --- [    Test worker] o.s.t.c.s.DefaultTestContextBootstrapper : Loaded default TestExecutionListener class names from location [META-INF/spring.factories]: [org.springframework.boot.test.autoconfigure.restdocs.RestDocsTestExecutionListener, org.springframework.boot.test.autoconfigure.web.client.MockRestServiceServerResetTestExecutionListener, org.springframework.boot.test.autoconfigure.web.servlet.MockMvcPrintOnlyOnFailureTestExecutionListener, org.springframework.boot.test.autoconfigure.web.servlet.WebDriverTestExecutionListener, org.springframework.boot.test.mock.mockito.MockitoTestExecutionListener, org.springframework.boot.test.mock.mockito.ResetMocksTestExecutionListener, org.springframework.test.context.web.ServletTestExecutionListener, org.springframework.test.context.support.DirtiesContextBeforeModesTestExecutionListener, org.springframework.test.context.support.DependencyInjectionTestExecutionListener, org.springframework.test.context.support.DirtiesContextTestExecutionListener, org.springframework.test.context.transaction.TransactionalTestExecutionListener, org.springframework.test.context.jdbc.SqlScriptsTestExecutionListener]
2018-03-03 15:24:32.788  INFO 7936 --- [    Test worker] o.s.t.c.s.DefaultTestContextBootstrapper : Using TestExecutionListeners: [org.springframework.test.context.web.ServletTestExecutionListener@3ef60a81, org.springframework.test.context.support.DirtiesContextBeforeModesTestExecutionListener@5c467539, org.springframework.test.context.support.DependencyInjectionTestExecutionListener@2dad3488, org.springframework.test.context.support.DirtiesContextTestExecutionListener@7b7c59f6, org.springframework.test.context.transaction.TransactionalTestExecutionListener@7550e61a, org.springframework.test.context.jdbc.SqlScriptsTestExecutionListener@1a50ba34, org.springframework.boot.test.autoconfigure.restdocs.RestDocsTestExecutionListener@5e1dd482, org.springframework.boot.test.mock.mockito.ResetMocksTestExecutionListener@47b7955e, org.springframework.boot.test.autoconfigure.web.servlet.MockMvcPrintOnlyOnFailureTestExecutionListener@3525db84, org.springframework.boot.test.mock.mockito.MockitoTestExecutionListener@2abb460e, org.springframework.boot.test.autoconfigure.web.client.MockRestServiceServerResetTestExecutionListener@1a323e1f, org.springframework.boot.test.autoconfigure.web.servlet.WebDriverTestExecutionListener@61544562]
2018-03-03 15:24:32.790  INFO 7936 --- [    Test worker] o.s.c.support.GenericApplicationContext  : Refreshing org.springframework.context.support.GenericApplicationContext@7ab64b37: startup date [Sat Mar 03 15:24:32 COT 2018]; root of context hierarchy
]]></system-out>
  <system-err><![CDATA[]]></system-err>
</testsuite>
