<?xml version="1.0" encoding="UTF-8"?>
<testsuite name="co.ceiba.repository.VehiculoRepositorioTest" tests="3" skipped="0" failures="0" errors="0" timestamp="2018-03-03T20:24:32" hostname="HERNAN-RODRIGUEZ" time="0.039">
  <properties/>
  <testcase name="buscarVehiculosPorEstado" classname="co.ceiba.repository.VehiculoRepositorioTest" time="0.013"/>
  <testcase name="buscarVehiculosPorTipoVehiculoYEstado" classname="co.ceiba.repository.VehiculoRepositorioTest" time="0.012"/>
  <testcase name="buscarVehiculosPorPlaca" classname="co.ceiba.repository.VehiculoRepositorioTest" time="0.012"/>
  <system-out><![CDATA[2018-03-03 15:24:32.533  INFO 7936 --- [    Test worker] .b.t.c.SpringBootTestContextBootstrapper : Neither @ContextConfiguration nor @ContextHierarchy found for test class [co.ceiba.repository.VehiculoRepositorioTest], using SpringBootContextLoader
2018-03-03 15:24:32.534  INFO 7936 --- [    Test worker] o.s.t.c.support.AbstractContextLoader    : Could not detect default resource locations for test class [co.ceiba.repository.VehiculoRepositorioTest]: no resource found for suffixes {-context.xml, Context.groovy}.
2018-03-03 15:24:32.534  INFO 7936 --- [    Test worker] t.c.s.AnnotationConfigContextLoaderUtils : Could not detect default configuration classes for test class [co.ceiba.repository.VehiculoRepositorioTest]: VehiculoRepositorioTest does not declare any static, non-private, non-final, nested classes annotated with @Configuration.
2018-03-03 15:24:32.545  INFO 7936 --- [    Test worker] .b.t.c.SpringBootTestContextBootstrapper : Found @SpringBootConfiguration co.ceiba.Main for test class co.ceiba.repository.VehiculoRepositorioTest
2018-03-03 15:24:32.547  INFO 7936 --- [    Test worker] .b.t.c.SpringBootTestContextBootstrapper : Loaded default TestExecutionListener class names from location [META-INF/spring.factories]: [org.springframework.boot.test.autoconfigure.restdocs.RestDocsTestExecutionListener, org.springframework.boot.test.autoconfigure.web.client.MockRestServiceServerResetTestExecutionListener, org.springframework.boot.test.autoconfigure.web.servlet.MockMvcPrintOnlyOnFailureTestExecutionListener, org.springframework.boot.test.autoconfigure.web.servlet.WebDriverTestExecutionListener, org.springframework.boot.test.mock.mockito.MockitoTestExecutionListener, org.springframework.boot.test.mock.mockito.ResetMocksTestExecutionListener, org.springframework.test.context.web.ServletTestExecutionListener, org.springframework.test.context.support.DirtiesContextBeforeModesTestExecutionListener, org.springframework.test.context.support.DependencyInjectionTestExecutionListener, org.springframework.test.context.support.DirtiesContextTestExecutionListener, org.springframework.test.context.transaction.TransactionalTestExecutionListener, org.springframework.test.context.jdbc.SqlScriptsTestExecutionListener]
2018-03-03 15:24:32.548  INFO 7936 --- [    Test worker] .b.t.c.SpringBootTestContextBootstrapper : Using TestExecutionListeners: [org.springframework.test.context.web.ServletTestExecutionListener@1bb2fdb1, org.springframework.test.context.support.DirtiesContextBeforeModesTestExecutionListener@7cabd14f, org.springframework.boot.test.autoconfigure.SpringBootDependencyInjectionTestExecutionListener@44408d3d, org.springframework.test.context.support.DirtiesContextTestExecutionListener@7005aaf3, org.springframework.test.context.transaction.TransactionalTestExecutionListener@7c568e37, org.springframework.test.context.jdbc.SqlScriptsTestExecutionListener@5ed5095b, org.springframework.boot.test.autoconfigure.restdocs.RestDocsTestExecutionListener@1e3c5ed9, org.springframework.boot.test.mock.mockito.ResetMocksTestExecutionListener@43333ddf, org.springframework.boot.test.autoconfigure.web.servlet.MockMvcPrintOnlyOnFailureTestExecutionListener@bdc24b8, org.springframework.boot.test.mock.mockito.MockitoTestExecutionListener@7d357b49, org.springframework.boot.test.autoconfigure.web.client.MockRestServiceServerResetTestExecutionListener@10338a0, org.springframework.boot.test.autoconfigure.web.servlet.WebDriverTestExecutionListener@5b04209a]
2018-03-03 15:24:32.557  INFO 7936 --- [    Test worker] o.s.t.c.transaction.TransactionContext   : Began transaction (1) for test context [DefaultTestContext@c61cbcc testClass = VehiculoRepositorioTest, testInstance = co.ceiba.repository.VehiculoRepositorioTest@7cf81ab8, testMethod = buscarVehiculosPorEstado@VehiculoRepositorioTest, testException = [null], mergedContextConfiguration = [MergedContextConfiguration@319726a6 testClass = VehiculoRepositorioTest, locations = '{}', classes = '{class co.ceiba.Main}', contextInitializerClasses = '[]', activeProfiles = '{}', propertySourceLocations = '{}', propertySourceProperties = '{org.springframework.boot.test.context.SpringBootTestContextBootstrapper=true}', contextCustomizers = set[org.springframework.boot.test.autoconfigure.OverrideAutoConfigurationContextCustomizerFactory$DisableAutoConfigurationContextCustomizer@4ba104b8, org.springframework.boot.test.autoconfigure.filter.TypeExcludeFiltersContextCustomizer@351584c0, org.springframework.boot.test.autoconfigure.properties.PropertyMappingContextCustomizer@900721d3, org.springframework.boot.test.autoconfigure.web.servlet.WebDriverContextCustomizerFactory$Customizer@49980723, [ImportsContextCustomizer@672eecee key = [org.springframework.boot.autoconfigure.cache.CacheAutoConfiguration, org.springframework.boot.autoconfigure.data.jpa.JpaRepositoriesAutoConfiguration, org.springframework.boot.autoconfigure.flyway.FlywayAutoConfiguration, org.springframework.boot.autoconfigure.jdbc.DataSourceAutoConfiguration, org.springframework.boot.autoconfigure.jdbc.DataSourceTransactionManagerAutoConfiguration, org.springframework.boot.autoconfigure.jdbc.JdbcTemplateAutoConfiguration, org.springframework.boot.autoconfigure.liquibase.LiquibaseAutoConfiguration, org.springframework.boot.autoconfigure.orm.jpa.HibernateJpaAutoConfiguration, org.springframework.boot.autoconfigure.transaction.TransactionAutoConfiguration, org.springframework.boot.test.autoconfigure.jdbc.TestDatabaseAutoConfiguration, org.springframework.boot.test.autoconfigure.orm.jpa.TestEntityManagerAutoConfiguration]], org.springframework.boot.test.context.filter.ExcludeFilterContextCustomizer@2b382cc, org.springframework.boot.test.json.DuplicateJsonObjectContextCustomizerFactory$DuplicateJsonObjectContextCustomizer@5e345e3d, org.springframework.boot.test.mock.mockito.MockitoContextCustomizer@0], contextLoader = 'org.springframework.boot.test.context.SpringBootContextLoader', parent = [null]]]; transaction manager [org.springframework.orm.jpa.JpaTransactionManager@22cf2613]; rollback [true]
Hibernate: select nextval ('hibernate_sequence')
Hibernate: insert into vehiculo (cilindraje, estado, id_tipovehiculo, placa, tipovehiculo, id_vehiculo) values (?, ?, ?, ?, ?, ?)
Hibernate: select vehiculo0_.id_vehiculo as id_vehic1_2_, vehiculo0_.cilindraje as cilindra2_2_, vehiculo0_.estado as estado3_2_, vehiculo0_.id_tipovehiculo as id_tipov6_2_, vehiculo0_.placa as placa4_2_, vehiculo0_.tipovehiculo as tipovehi5_2_ from vehiculo vehiculo0_ where vehiculo0_.estado=?
2018-03-03 15:24:32.568  INFO 7936 --- [    Test worker] o.s.t.c.transaction.TransactionContext   : Rolled back transaction for test context [DefaultTestContext@c61cbcc testClass = VehiculoRepositorioTest, testInstance = co.ceiba.repository.VehiculoRepositorioTest@7cf81ab8, testMethod = buscarVehiculosPorEstado@VehiculoRepositorioTest, testException = [null], mergedContextConfiguration = [MergedContextConfiguration@319726a6 testClass = VehiculoRepositorioTest, locations = '{}', classes = '{class co.ceiba.Main}', contextInitializerClasses = '[]', activeProfiles = '{}', propertySourceLocations = '{}', propertySourceProperties = '{org.springframework.boot.test.context.SpringBootTestContextBootstrapper=true}', contextCustomizers = set[org.springframework.boot.test.autoconfigure.OverrideAutoConfigurationContextCustomizerFactory$DisableAutoConfigurationContextCustomizer@4ba104b8, org.springframework.boot.test.autoconfigure.filter.TypeExcludeFiltersContextCustomizer@351584c0, org.springframework.boot.test.autoconfigure.properties.PropertyMappingContextCustomizer@900721d3, org.springframework.boot.test.autoconfigure.web.servlet.WebDriverContextCustomizerFactory$Customizer@49980723, [ImportsContextCustomizer@672eecee key = [org.springframework.boot.autoconfigure.cache.CacheAutoConfiguration, org.springframework.boot.autoconfigure.data.jpa.JpaRepositoriesAutoConfiguration, org.springframework.boot.autoconfigure.flyway.FlywayAutoConfiguration, org.springframework.boot.autoconfigure.jdbc.DataSourceAutoConfiguration, org.springframework.boot.autoconfigure.jdbc.DataSourceTransactionManagerAutoConfiguration, org.springframework.boot.autoconfigure.jdbc.JdbcTemplateAutoConfiguration, org.springframework.boot.autoconfigure.liquibase.LiquibaseAutoConfiguration, org.springframework.boot.autoconfigure.orm.jpa.HibernateJpaAutoConfiguration, org.springframework.boot.autoconfigure.transaction.TransactionAutoConfiguration, org.springframework.boot.test.autoconfigure.jdbc.TestDatabaseAutoConfiguration, org.springframework.boot.test.autoconfigure.orm.jpa.TestEntityManagerAutoConfiguration]], org.springframework.boot.test.context.filter.ExcludeFilterContextCustomizer@2b382cc, org.springframework.boot.test.json.DuplicateJsonObjectContextCustomizerFactory$DuplicateJsonObjectContextCustomizer@5e345e3d, org.springframework.boot.test.mock.mockito.MockitoContextCustomizer@0], contextLoader = 'org.springframework.boot.test.context.SpringBootContextLoader', parent = [null]]].
2018-03-03 15:24:32.571  INFO 7936 --- [    Test worker] o.s.t.c.transaction.TransactionContext   : Began transaction (1) for test context [DefaultTestContext@c61cbcc testClass = VehiculoRepositorioTest, testInstance = co.ceiba.repository.VehiculoRepositorioTest@65ccc851, testMethod = buscarVehiculosPorTipoVehiculoYEstado@VehiculoRepositorioTest, testException = [null], mergedContextConfiguration = [MergedContextConfiguration@319726a6 testClass = VehiculoRepositorioTest, locations = '{}', classes = '{class co.ceiba.Main}', contextInitializerClasses = '[]', activeProfiles = '{}', propertySourceLocations = '{}', propertySourceProperties = '{org.springframework.boot.test.context.SpringBootTestContextBootstrapper=true}', contextCustomizers = set[org.springframework.boot.test.autoconfigure.OverrideAutoConfigurationContextCustomizerFactory$DisableAutoConfigurationContextCustomizer@4ba104b8, org.springframework.boot.test.autoconfigure.filter.TypeExcludeFiltersContextCustomizer@351584c0, org.springframework.boot.test.autoconfigure.properties.PropertyMappingContextCustomizer@900721d3, org.springframework.boot.test.autoconfigure.web.servlet.WebDriverContextCustomizerFactory$Customizer@49980723, [ImportsContextCustomizer@672eecee key = [org.springframework.boot.autoconfigure.cache.CacheAutoConfiguration, org.springframework.boot.autoconfigure.data.jpa.JpaRepositoriesAutoConfiguration, org.springframework.boot.autoconfigure.flyway.FlywayAutoConfiguration, org.springframework.boot.autoconfigure.jdbc.DataSourceAutoConfiguration, org.springframework.boot.autoconfigure.jdbc.DataSourceTransactionManagerAutoConfiguration, org.springframework.boot.autoconfigure.jdbc.JdbcTemplateAutoConfiguration, org.springframework.boot.autoconfigure.liquibase.LiquibaseAutoConfiguration, org.springframework.boot.autoconfigure.orm.jpa.HibernateJpaAutoConfiguration, org.springframework.boot.autoconfigure.transaction.TransactionAutoConfiguration, org.springframework.boot.test.autoconfigure.jdbc.TestDatabaseAutoConfiguration, org.springframework.boot.test.autoconfigure.orm.jpa.TestEntityManagerAutoConfiguration]], org.springframework.boot.test.context.filter.ExcludeFilterContextCustomizer@2b382cc, org.springframework.boot.test.json.DuplicateJsonObjectContextCustomizerFactory$DuplicateJsonObjectContextCustomizer@5e345e3d, org.springframework.boot.test.mock.mockito.MockitoContextCustomizer@0], contextLoader = 'org.springframework.boot.test.context.SpringBootContextLoader', parent = [null]]]; transaction manager [org.springframework.orm.jpa.JpaTransactionManager@22cf2613]; rollback [true]
Hibernate: select nextval ('hibernate_sequence')
Hibernate: insert into vehiculo (cilindraje, estado, id_tipovehiculo, placa, tipovehiculo, id_vehiculo) values (?, ?, ?, ?, ?, ?)
Hibernate: select vehiculo0_.id_vehiculo as id_vehic1_2_, vehiculo0_.cilindraje as cilindra2_2_, vehiculo0_.estado as estado3_2_, vehiculo0_.id_tipovehiculo as id_tipov6_2_, vehiculo0_.placa as placa4_2_, vehiculo0_.tipovehiculo as tipovehi5_2_ from vehiculo vehiculo0_ where vehiculo0_.tipovehiculo=? and vehiculo0_.estado=?
2018-03-03 15:24:32.582  INFO 7936 --- [    Test worker] o.s.t.c.transaction.TransactionContext   : Rolled back transaction for test context [DefaultTestContext@c61cbcc testClass = VehiculoRepositorioTest, testInstance = co.ceiba.repository.VehiculoRepositorioTest@65ccc851, testMethod = buscarVehiculosPorTipoVehiculoYEstado@VehiculoRepositorioTest, testException = [null], mergedContextConfiguration = [MergedContextConfiguration@319726a6 testClass = VehiculoRepositorioTest, locations = '{}', classes = '{class co.ceiba.Main}', contextInitializerClasses = '[]', activeProfiles = '{}', propertySourceLocations = '{}', propertySourceProperties = '{org.springframework.boot.test.context.SpringBootTestContextBootstrapper=true}', contextCustomizers = set[org.springframework.boot.test.autoconfigure.OverrideAutoConfigurationContextCustomizerFactory$DisableAutoConfigurationContextCustomizer@4ba104b8, org.springframework.boot.test.autoconfigure.filter.TypeExcludeFiltersContextCustomizer@351584c0, org.springframework.boot.test.autoconfigure.properties.PropertyMappingContextCustomizer@900721d3, org.springframework.boot.test.autoconfigure.web.servlet.WebDriverContextCustomizerFactory$Customizer@49980723, [ImportsContextCustomizer@672eecee key = [org.springframework.boot.autoconfigure.cache.CacheAutoConfiguration, org.springframework.boot.autoconfigure.data.jpa.JpaRepositoriesAutoConfiguration, org.springframework.boot.autoconfigure.flyway.FlywayAutoConfiguration, org.springframework.boot.autoconfigure.jdbc.DataSourceAutoConfiguration, org.springframework.boot.autoconfigure.jdbc.DataSourceTransactionManagerAutoConfiguration, org.springframework.boot.autoconfigure.jdbc.JdbcTemplateAutoConfiguration, org.springframework.boot.autoconfigure.liquibase.LiquibaseAutoConfiguration, org.springframework.boot.autoconfigure.orm.jpa.HibernateJpaAutoConfiguration, org.springframework.boot.autoconfigure.transaction.TransactionAutoConfiguration, org.springframework.boot.test.autoconfigure.jdbc.TestDatabaseAutoConfiguration, org.springframework.boot.test.autoconfigure.orm.jpa.TestEntityManagerAutoConfiguration]], org.springframework.boot.test.context.filter.ExcludeFilterContextCustomizer@2b382cc, org.springframework.boot.test.json.DuplicateJsonObjectContextCustomizerFactory$DuplicateJsonObjectContextCustomizer@5e345e3d, org.springframework.boot.test.mock.mockito.MockitoContextCustomizer@0], contextLoader = 'org.springframework.boot.test.context.SpringBootContextLoader', parent = [null]]].
2018-03-03 15:24:32.584  INFO 7936 --- [    Test worker] o.s.t.c.transaction.TransactionContext   : Began transaction (1) for test context [DefaultTestContext@c61cbcc testClass = VehiculoRepositorioTest, testInstance = co.ceiba.repository.VehiculoRepositorioTest@30589236, testMethod = buscarVehiculosPorPlaca@VehiculoRepositorioTest, testException = [null], mergedContextConfiguration = [MergedContextConfiguration@319726a6 testClass = VehiculoRepositorioTest, locations = '{}', classes = '{class co.ceiba.Main}', contextInitializerClasses = '[]', activeProfiles = '{}', propertySourceLocations = '{}', propertySourceProperties = '{org.springframework.boot.test.context.SpringBootTestContextBootstrapper=true}', contextCustomizers = set[org.springframework.boot.test.autoconfigure.OverrideAutoConfigurationContextCustomizerFactory$DisableAutoConfigurationContextCustomizer@4ba104b8, org.springframework.boot.test.autoconfigure.filter.TypeExcludeFiltersContextCustomizer@351584c0, org.springframework.boot.test.autoconfigure.properties.PropertyMappingContextCustomizer@900721d3, org.springframework.boot.test.autoconfigure.web.servlet.WebDriverContextCustomizerFactory$Customizer@49980723, [ImportsContextCustomizer@672eecee key = [org.springframework.boot.autoconfigure.cache.CacheAutoConfiguration, org.springframework.boot.autoconfigure.data.jpa.JpaRepositoriesAutoConfiguration, org.springframework.boot.autoconfigure.flyway.FlywayAutoConfiguration, org.springframework.boot.autoconfigure.jdbc.DataSourceAutoConfiguration, org.springframework.boot.autoconfigure.jdbc.DataSourceTransactionManagerAutoConfiguration, org.springframework.boot.autoconfigure.jdbc.JdbcTemplateAutoConfiguration, org.springframework.boot.autoconfigure.liquibase.LiquibaseAutoConfiguration, org.springframework.boot.autoconfigure.orm.jpa.HibernateJpaAutoConfiguration, org.springframework.boot.autoconfigure.transaction.TransactionAutoConfiguration, org.springframework.boot.test.autoconfigure.jdbc.TestDatabaseAutoConfiguration, org.springframework.boot.test.autoconfigure.orm.jpa.TestEntityManagerAutoConfiguration]], org.springframework.boot.test.context.filter.ExcludeFilterContextCustomizer@2b382cc, org.springframework.boot.test.json.DuplicateJsonObjectContextCustomizerFactory$DuplicateJsonObjectContextCustomizer@5e345e3d, org.springframework.boot.test.mock.mockito.MockitoContextCustomizer@0], contextLoader = 'org.springframework.boot.test.context.SpringBootContextLoader', parent = [null]]]; transaction manager [org.springframework.orm.jpa.JpaTransactionManager@22cf2613]; rollback [true]
Hibernate: select nextval ('hibernate_sequence')
Hibernate: insert into vehiculo (cilindraje, estado, id_tipovehiculo, placa, tipovehiculo, id_vehiculo) values (?, ?, ?, ?, ?, ?)
Hibernate: select vehiculo0_.id_vehiculo as id_vehic1_2_, vehiculo0_.cilindraje as cilindra2_2_, vehiculo0_.estado as estado3_2_, vehiculo0_.id_tipovehiculo as id_tipov6_2_, vehiculo0_.placa as placa4_2_, vehiculo0_.tipovehiculo as tipovehi5_2_ from vehiculo vehiculo0_ where vehiculo0_.placa=?
2018-03-03 15:24:32.594  INFO 7936 --- [    Test worker] o.s.t.c.transaction.TransactionContext   : Rolled back transaction for test context [DefaultTestContext@c61cbcc testClass = VehiculoRepositorioTest, testInstance = co.ceiba.repository.VehiculoRepositorioTest@30589236, testMethod = buscarVehiculosPorPlaca@VehiculoRepositorioTest, testException = [null], mergedContextConfiguration = [MergedContextConfiguration@319726a6 testClass = VehiculoRepositorioTest, locations = '{}', classes = '{class co.ceiba.Main}', contextInitializerClasses = '[]', activeProfiles = '{}', propertySourceLocations = '{}', propertySourceProperties = '{org.springframework.boot.test.context.SpringBootTestContextBootstrapper=true}', contextCustomizers = set[org.springframework.boot.test.autoconfigure.OverrideAutoConfigurationContextCustomizerFactory$DisableAutoConfigurationContextCustomizer@4ba104b8, org.springframework.boot.test.autoconfigure.filter.TypeExcludeFiltersContextCustomizer@351584c0, org.springframework.boot.test.autoconfigure.properties.PropertyMappingContextCustomizer@900721d3, org.springframework.boot.test.autoconfigure.web.servlet.WebDriverContextCustomizerFactory$Customizer@49980723, [ImportsContextCustomizer@672eecee key = [org.springframework.boot.autoconfigure.cache.CacheAutoConfiguration, org.springframework.boot.autoconfigure.data.jpa.JpaRepositoriesAutoConfiguration, org.springframework.boot.autoconfigure.flyway.FlywayAutoConfiguration, org.springframework.boot.autoconfigure.jdbc.DataSourceAutoConfiguration, org.springframework.boot.autoconfigure.jdbc.DataSourceTransactionManagerAutoConfiguration, org.springframework.boot.autoconfigure.jdbc.JdbcTemplateAutoConfiguration, org.springframework.boot.autoconfigure.liquibase.LiquibaseAutoConfiguration, org.springframework.boot.autoconfigure.orm.jpa.HibernateJpaAutoConfiguration, org.springframework.boot.autoconfigure.transaction.TransactionAutoConfiguration, org.springframework.boot.test.autoconfigure.jdbc.TestDatabaseAutoConfiguration, org.springframework.boot.test.autoconfigure.orm.jpa.TestEntityManagerAutoConfiguration]], org.springframework.boot.test.context.filter.ExcludeFilterContextCustomizer@2b382cc, org.springframework.boot.test.json.DuplicateJsonObjectContextCustomizerFactory$DuplicateJsonObjectContextCustomizer@5e345e3d, org.springframework.boot.test.mock.mockito.MockitoContextCustomizer@0], contextLoader = 'org.springframework.boot.test.context.SpringBootContextLoader', parent = [null]]].
]]></system-out>
  <system-err><![CDATA[]]></system-err>
</testsuite>
