<?xml version="1.0" encoding="UTF-8"?>
<testsuite name="co.ceiba.service.TipoVehiculoServiceImplTest" tests="3" skipped="0" failures="0" errors="0" timestamp="2018-03-03T20:24:32" hostname="HERNAN-RODRIGUEZ" time="0.018">
  <properties/>
  <testcase name="listAllTiposVehiculo" classname="co.ceiba.service.TipoVehiculoServiceImplTest" time="0.01"/>
  <testcase name="getTipoVehiculoById" classname="co.ceiba.service.TipoVehiculoServiceImplTest" time="0.001"/>
  <testcase name="getTipoVehiculoByNombre" classname="co.ceiba.service.TipoVehiculoServiceImplTest" time="0.005"/>
  <system-out><![CDATA[2018-03-03 15:24:32.722  INFO 7936 --- [    Test worker] o.s.t.c.s.DefaultTestContextBootstrapper : Neither @ContextConfiguration nor @ContextHierarchy found for test class [co.ceiba.service.TipoVehiculoServiceImplTest], using DelegatingSmartContextLoader
2018-03-03 15:24:32.722  INFO 7936 --- [    Test worker] o.s.t.c.support.AbstractContextLoader    : Could not detect default resource locations for test class [co.ceiba.service.TipoVehiculoServiceImplTest]: no resource found for suffixes {-context.xml}.
2018-03-03 15:24:32.723  INFO 7936 --- [    Test worker] c.s.AbstractDelegatingSmartContextLoader : AnnotationConfigContextLoader detected default configuration classes for context configuration [ContextConfigurationAttributes@2cb6807d declaringClass = 'co.ceiba.service.TipoVehiculoServiceImplTest', classes = '{class co.ceiba.service.TipoVehiculoServiceImplTest$TipoVehiculoServiceImplTestContextConfiguration}', locations = '{}', inheritLocations = false, initializers = '{}', inheritInitializers = true, name = [null], contextLoaderClass = 'org.springframework.test.context.ContextLoader'].
2018-03-03 15:24:32.727  INFO 7936 --- [    Test worker] o.s.t.c.s.DefaultTestContextBootstrapper : Loaded default TestExecutionListener class names from location [META-INF/spring.factories]: [org.springframework.boot.test.autoconfigure.restdocs.RestDocsTestExecutionListener, org.springframework.boot.test.autoconfigure.web.client.MockRestServiceServerResetTestExecutionListener, org.springframework.boot.test.autoconfigure.web.servlet.MockMvcPrintOnlyOnFailureTestExecutionListener, org.springframework.boot.test.autoconfigure.web.servlet.WebDriverTestExecutionListener, org.springframework.boot.test.mock.mockito.MockitoTestExecutionListener, org.springframework.boot.test.mock.mockito.ResetMocksTestExecutionListener, org.springframework.test.context.web.ServletTestExecutionListener, org.springframework.test.context.support.DirtiesContextBeforeModesTestExecutionListener, org.springframework.test.context.support.DependencyInjectionTestExecutionListener, org.springframework.test.context.support.DirtiesContextTestExecutionListener, org.springframework.test.context.transaction.TransactionalTestExecutionListener, org.springframework.test.context.jdbc.SqlScriptsTestExecutionListener]
2018-03-03 15:24:32.727  INFO 7936 --- [    Test worker] o.s.t.c.s.DefaultTestContextBootstrapper : Using TestExecutionListeners: [org.springframework.test.context.web.ServletTestExecutionListener@4efb087f, org.springframework.test.context.support.DirtiesContextBeforeModesTestExecutionListener@337a8cd5, org.springframework.test.context.support.DependencyInjectionTestExecutionListener@64185fa9, org.springframework.test.context.support.DirtiesContextTestExecutionListener@678c5319, org.springframework.test.context.transaction.TransactionalTestExecutionListener@71220767, org.springframework.test.context.jdbc.SqlScriptsTestExecutionListener@16d921b2, org.springframework.boot.test.autoconfigure.restdocs.RestDocsTestExecutionListener@301ad1d7, org.springframework.boot.test.mock.mockito.ResetMocksTestExecutionListener@358b5856, org.springframework.boot.test.autoconfigure.web.servlet.MockMvcPrintOnlyOnFailureTestExecutionListener@547368bf, org.springframework.boot.test.mock.mockito.MockitoTestExecutionListener@b780732, org.springframework.boot.test.autoconfigure.web.client.MockRestServiceServerResetTestExecutionListener@6d0aebe3, org.springframework.boot.test.autoconfigure.web.servlet.WebDriverTestExecutionListener@2ac47fc]
2018-03-03 15:24:32.729  INFO 7936 --- [    Test worker] o.s.c.support.GenericApplicationContext  : Refreshing org.springframework.context.support.GenericApplicationContext@4d55f186: startup date [Sat Mar 03 15:24:32 COT 2018]; root of context hierarchy
id vehiculo construido: 0
id vehiculo recuperado: 0
]]></system-out>
  <system-err><![CDATA[]]></system-err>
</testsuite>
