<?xml version="1.0" encoding="UTF-8"?>
<testsuite name="co.ceiba.repository.TipoVehiculoRepositoryTest" tests="2" skipped="0" failures="0" errors="0" timestamp="2018-03-03T20:24:32" hostname="HERNAN-RODRIGUEZ" time="0.12">
  <properties/>
  <testcase name="buscarTiposVehiculosPorNombre" classname="co.ceiba.repository.TipoVehiculoRepositoryTest" time="0.102"/>
  <testcase name="buscarTiposVehiculos" classname="co.ceiba.repository.TipoVehiculoRepositoryTest" time="0.017"/>
  <system-out><![CDATA[2018-03-03 15:24:30.839  INFO 7936 --- [    Test worker] .b.t.c.SpringBootTestContextBootstrapper : Neither @ContextConfiguration nor @ContextHierarchy found for test class [co.ceiba.repository.TipoVehiculoRepositoryTest], using SpringBootContextLoader
2018-03-03 15:24:30.840  INFO 7936 --- [    Test worker] o.s.t.c.support.AbstractContextLoader    : Could not detect default resource locations for test class [co.ceiba.repository.TipoVehiculoRepositoryTest]: no resource found for suffixes {-context.xml, Context.groovy}.
2018-03-03 15:24:30.840  INFO 7936 --- [    Test worker] t.c.s.AnnotationConfigContextLoaderUtils : Could not detect default configuration classes for test class [co.ceiba.repository.TipoVehiculoRepositoryTest]: TipoVehiculoRepositoryTest does not declare any static, non-private, non-final, nested classes annotated with @Configuration.
2018-03-03 15:24:30.853  INFO 7936 --- [    Test worker] .b.t.c.SpringBootTestContextBootstrapper : Found @SpringBootConfiguration co.ceiba.Main for test class co.ceiba.repository.TipoVehiculoRepositoryTest
2018-03-03 15:24:30.855  INFO 7936 --- [    Test worker] .b.t.c.SpringBootTestContextBootstrapper : Loaded default TestExecutionListener class names from location [META-INF/spring.factories]: [org.springframework.boot.test.autoconfigure.restdocs.RestDocsTestExecutionListener, org.springframework.boot.test.autoconfigure.web.client.MockRestServiceServerResetTestExecutionListener, org.springframework.boot.test.autoconfigure.web.servlet.MockMvcPrintOnlyOnFailureTestExecutionListener, org.springframework.boot.test.autoconfigure.web.servlet.WebDriverTestExecutionListener, org.springframework.boot.test.mock.mockito.MockitoTestExecutionListener, org.springframework.boot.test.mock.mockito.ResetMocksTestExecutionListener, org.springframework.test.context.web.ServletTestExecutionListener, org.springframework.test.context.support.DirtiesContextBeforeModesTestExecutionListener, org.springframework.test.context.support.DependencyInjectionTestExecutionListener, org.springframework.test.context.support.DirtiesContextTestExecutionListener, org.springframework.test.context.transaction.TransactionalTestExecutionListener, org.springframework.test.context.jdbc.SqlScriptsTestExecutionListener]
2018-03-03 15:24:30.857  INFO 7936 --- [    Test worker] .b.t.c.SpringBootTestContextBootstrapper : Using TestExecutionListeners: [org.springframework.test.context.web.ServletTestExecutionListener@2f27ba30, org.springframework.test.context.support.DirtiesContextBeforeModesTestExecutionListener@7c45460f, org.springframework.boot.test.autoconfigure.SpringBootDependencyInjectionTestExecutionListener@5ae6778d, org.springframework.test.context.support.DirtiesContextTestExecutionListener@1744af22, org.springframework.test.context.transaction.TransactionalTestExecutionListener@5a071c0, org.springframework.test.context.jdbc.SqlScriptsTestExecutionListener@53032a45, org.springframework.boot.test.autoconfigure.restdocs.RestDocsTestExecutionListener@3a3065b7, org.springframework.boot.test.mock.mockito.ResetMocksTestExecutionListener@8bfe06c, org.springframework.boot.test.autoconfigure.web.servlet.MockMvcPrintOnlyOnFailureTestExecutionListener@e17aeca, org.springframework.boot.test.mock.mockito.MockitoTestExecutionListener@440cfc4f, org.springframework.boot.test.autoconfigure.web.client.MockRestServiceServerResetTestExecutionListener@7da834a4, org.springframework.boot.test.autoconfigure.web.servlet.WebDriverTestExecutionListener@a6317fd]

  .   ____          _            __ _ _
 /\\ / ___'_ __ _ _(_)_ __  __ _ \ \ \ \
( ( )\___ | '_ | '_| | '_ \/ _` | \ \ \ \
 \\/  ___)| |_)| | | | | || (_| |  ) ) ) )
  '  |____| .__|_| |_|_| |_\__, | / / / /
 =========|_|==============|___/=/_/_/_/
 :: Spring Boot ::        (v1.5.9.RELEASE)

2018-03-03 15:24:30.888  INFO 7936 --- [    Test worker] c.c.r.TipoVehiculoRepositoryTest         : Starting TipoVehiculoRepositoryTest on HERNAN-RODRIGUEZ with PID 7936 (started by hernan.rodriguez in D:\workspace\parqueaderoREST)
2018-03-03 15:24:30.888  INFO 7936 --- [    Test worker] c.c.r.TipoVehiculoRepositoryTest         : No active profile set, falling back to default profiles: default
2018-03-03 15:24:30.890  INFO 7936 --- [    Test worker] s.c.a.AnnotationConfigApplicationContext : Refreshing org.springframework.context.annotation.AnnotationConfigApplicationContext@7286248f: startup date [Sat Mar 03 15:24:30 COT 2018]; root of context hierarchy
2018-03-03 15:24:32.012  INFO 7936 --- [    Test worker] j.LocalContainerEntityManagerFactoryBean : Building JPA container EntityManagerFactory for persistence unit 'default'
2018-03-03 15:24:32.012  INFO 7936 --- [    Test worker] o.hibernate.jpa.internal.util.LogHelper  : HHH000204: Processing PersistenceUnitInfo [
	name: default
	...]
2018-03-03 15:24:32.023  INFO 7936 --- [    Test worker] org.hibernate.dialect.Dialect            : HHH000400: Using dialect: org.hibernate.dialect.PostgreSQLDialect
2018-03-03 15:24:32.164  INFO 7936 --- [    Test worker] o.h.e.j.e.i.LobCreatorBuilderImpl        : HHH000424: Disabling contextual LOB creation as createClob() method threw error : java.lang.reflect.InvocationTargetException
2018-03-03 15:24:32.164  INFO 7936 --- [    Test worker] org.hibernate.type.BasicTypeRegistry     : HHH000270: Type registration [java.util.UUID] overrides previous : org.hibernate.type.UUIDBinaryType@69f03dbf
2018-03-03 15:24:32.171  WARN 7936 --- [    Test worker] org.hibernate.orm.deprecation            : HHH90000014: Found use of deprecated [org.hibernate.id.SequenceGenerator] sequence-based id generator; use org.hibernate.id.enhanced.SequenceStyleGenerator instead.  See Hibernate Domain Model Mapping Guide for details.
2018-03-03 15:24:32.171  WARN 7936 --- [    Test worker] org.hibernate.orm.deprecation            : HHH90000014: Found use of deprecated [org.hibernate.id.SequenceGenerator] sequence-based id generator; use org.hibernate.id.enhanced.SequenceStyleGenerator instead.  See Hibernate Domain Model Mapping Guide for details.
2018-03-03 15:24:32.172  WARN 7936 --- [    Test worker] org.hibernate.orm.deprecation            : HHH90000014: Found use of deprecated [org.hibernate.id.SequenceGenerator] sequence-based id generator; use org.hibernate.id.enhanced.SequenceStyleGenerator instead.  See Hibernate Domain Model Mapping Guide for details.
2018-03-03 15:24:32.191  INFO 7936 --- [    Test worker] org.hibernate.tool.hbm2ddl.SchemaUpdate  : HHH000228: Running hbm2ddl schema update
2018-03-03 15:24:32.299  INFO 7936 --- [    Test worker] o.h.h.i.QueryTranslatorFactoryInitiator  : HHH000397: Using ASTQueryTranslatorFactory
2018-03-03 15:24:32.304  WARN 7936 --- [    Test worker] o.h.j.i.EntityManagerFactoryRegistry     : HHH000436: Entity manager factory name (default) is already registered.  If entity manager will be clustered or passivated, specify a unique value for property 'hibernate.ejb.entitymanager_factory_name'
2018-03-03 15:24:32.304  INFO 7936 --- [    Test worker] j.LocalContainerEntityManagerFactoryBean : Initialized JPA EntityManagerFactory for persistence unit 'default'
2018-03-03 15:24:32.401  INFO 7936 --- [    Test worker] c.c.r.TipoVehiculoRepositoryTest         : Started TipoVehiculoRepositoryTest in 1.54 seconds (JVM running for 14.536)
2018-03-03 15:24:32.411  INFO 7936 --- [    Test worker] o.s.t.c.transaction.TransactionContext   : Began transaction (1) for test context [DefaultTestContext@26cd1561 testClass = TipoVehiculoRepositoryTest, testInstance = co.ceiba.repository.TipoVehiculoRepositoryTest@1e54cc6b, testMethod = buscarTiposVehiculosPorNombre@TipoVehiculoRepositoryTest, testException = [null], mergedContextConfiguration = [MergedContextConfiguration@69cd11e8 testClass = TipoVehiculoRepositoryTest, locations = '{}', classes = '{class co.ceiba.Main}', contextInitializerClasses = '[]', activeProfiles = '{}', propertySourceLocations = '{}', propertySourceProperties = '{org.springframework.boot.test.context.SpringBootTestContextBootstrapper=true}', contextCustomizers = set[org.springframework.boot.test.autoconfigure.OverrideAutoConfigurationContextCustomizerFactory$DisableAutoConfigurationContextCustomizer@4ba104b8, org.springframework.boot.test.autoconfigure.filter.TypeExcludeFiltersContextCustomizer@351584c0, org.springframework.boot.test.autoconfigure.properties.PropertyMappingContextCustomizer@900721d3, org.springframework.boot.test.autoconfigure.web.servlet.WebDriverContextCustomizerFactory$Customizer@49980723, [ImportsContextCustomizer@5601deb9 key = [org.springframework.boot.autoconfigure.cache.CacheAutoConfiguration, org.springframework.boot.autoconfigure.data.jpa.JpaRepositoriesAutoConfiguration, org.springframework.boot.autoconfigure.flyway.FlywayAutoConfiguration, org.springframework.boot.autoconfigure.jdbc.DataSourceAutoConfiguration, org.springframework.boot.autoconfigure.jdbc.DataSourceTransactionManagerAutoConfiguration, org.springframework.boot.autoconfigure.jdbc.JdbcTemplateAutoConfiguration, org.springframework.boot.autoconfigure.liquibase.LiquibaseAutoConfiguration, org.springframework.boot.autoconfigure.orm.jpa.HibernateJpaAutoConfiguration, org.springframework.boot.autoconfigure.transaction.TransactionAutoConfiguration, org.springframework.boot.test.autoconfigure.jdbc.TestDatabaseAutoConfiguration, org.springframework.boot.test.autoconfigure.orm.jpa.TestEntityManagerAutoConfiguration]], org.springframework.boot.test.context.filter.ExcludeFilterContextCustomizer@2b382cc, org.springframework.boot.test.json.DuplicateJsonObjectContextCustomizerFactory$DuplicateJsonObjectContextCustomizer@5e345e3d, org.springframework.boot.test.mock.mockito.MockitoContextCustomizer@0], contextLoader = 'org.springframework.boot.test.context.SpringBootContextLoader', parent = [null]]]; transaction manager [org.springframework.orm.jpa.JpaTransactionManager@22cf2613]; rollback [true]
Hibernate: select nextval ('hibernate_sequence')
Hibernate: insert into tipo_vehiculo (nombre_tipovehiculo, valor_dia, valor_hora, id_tipovehiculo) values (?, ?, ?, ?)
Hibernate: select tipovehicu0_.id_tipovehiculo as id_tipov1_1_, tipovehicu0_.nombre_tipovehiculo as nombre_t2_1_, tipovehicu0_.valor_dia as valor_di3_1_, tipovehicu0_.valor_hora as valor_ho4_1_ from tipo_vehiculo tipovehicu0_ where tipovehicu0_.nombre_tipovehiculo=?
2018-03-03 15:24:32.512  INFO 7936 --- [    Test worker] o.s.t.c.transaction.TransactionContext   : Rolled back transaction for test context [DefaultTestContext@26cd1561 testClass = TipoVehiculoRepositoryTest, testInstance = co.ceiba.repository.TipoVehiculoRepositoryTest@1e54cc6b, testMethod = buscarTiposVehiculosPorNombre@TipoVehiculoRepositoryTest, testException = [null], mergedContextConfiguration = [MergedContextConfiguration@69cd11e8 testClass = TipoVehiculoRepositoryTest, locations = '{}', classes = '{class co.ceiba.Main}', contextInitializerClasses = '[]', activeProfiles = '{}', propertySourceLocations = '{}', propertySourceProperties = '{org.springframework.boot.test.context.SpringBootTestContextBootstrapper=true}', contextCustomizers = set[org.springframework.boot.test.autoconfigure.OverrideAutoConfigurationContextCustomizerFactory$DisableAutoConfigurationContextCustomizer@4ba104b8, org.springframework.boot.test.autoconfigure.filter.TypeExcludeFiltersContextCustomizer@351584c0, org.springframework.boot.test.autoconfigure.properties.PropertyMappingContextCustomizer@900721d3, org.springframework.boot.test.autoconfigure.web.servlet.WebDriverContextCustomizerFactory$Customizer@49980723, [ImportsContextCustomizer@5601deb9 key = [org.springframework.boot.autoconfigure.cache.CacheAutoConfiguration, org.springframework.boot.autoconfigure.data.jpa.JpaRepositoriesAutoConfiguration, org.springframework.boot.autoconfigure.flyway.FlywayAutoConfiguration, org.springframework.boot.autoconfigure.jdbc.DataSourceAutoConfiguration, org.springframework.boot.autoconfigure.jdbc.DataSourceTransactionManagerAutoConfiguration, org.springframework.boot.autoconfigure.jdbc.JdbcTemplateAutoConfiguration, org.springframework.boot.autoconfigure.liquibase.LiquibaseAutoConfiguration, org.springframework.boot.autoconfigure.orm.jpa.HibernateJpaAutoConfiguration, org.springframework.boot.autoconfigure.transaction.TransactionAutoConfiguration, org.springframework.boot.test.autoconfigure.jdbc.TestDatabaseAutoConfiguration, org.springframework.boot.test.autoconfigure.orm.jpa.TestEntityManagerAutoConfiguration]], org.springframework.boot.test.context.filter.ExcludeFilterContextCustomizer@2b382cc, org.springframework.boot.test.json.DuplicateJsonObjectContextCustomizerFactory$DuplicateJsonObjectContextCustomizer@5e345e3d, org.springframework.boot.test.mock.mockito.MockitoContextCustomizer@0], contextLoader = 'org.springframework.boot.test.context.SpringBootContextLoader', parent = [null]]].
2018-03-03 15:24:32.515  INFO 7936 --- [    Test worker] o.s.t.c.transaction.TransactionContext   : Began transaction (1) for test context [DefaultTestContext@26cd1561 testClass = TipoVehiculoRepositoryTest, testInstance = co.ceiba.repository.TipoVehiculoRepositoryTest@43bb9539, testMethod = buscarTiposVehiculos@TipoVehiculoRepositoryTest, testException = [null], mergedContextConfiguration = [MergedContextConfiguration@69cd11e8 testClass = TipoVehiculoRepositoryTest, locations = '{}', classes = '{class co.ceiba.Main}', contextInitializerClasses = '[]', activeProfiles = '{}', propertySourceLocations = '{}', propertySourceProperties = '{org.springframework.boot.test.context.SpringBootTestContextBootstrapper=true}', contextCustomizers = set[org.springframework.boot.test.autoconfigure.OverrideAutoConfigurationContextCustomizerFactory$DisableAutoConfigurationContextCustomizer@4ba104b8, org.springframework.boot.test.autoconfigure.filter.TypeExcludeFiltersContextCustomizer@351584c0, org.springframework.boot.test.autoconfigure.properties.PropertyMappingContextCustomizer@900721d3, org.springframework.boot.test.autoconfigure.web.servlet.WebDriverContextCustomizerFactory$Customizer@49980723, [ImportsContextCustomizer@5601deb9 key = [org.springframework.boot.autoconfigure.cache.CacheAutoConfiguration, org.springframework.boot.autoconfigure.data.jpa.JpaRepositoriesAutoConfiguration, org.springframework.boot.autoconfigure.flyway.FlywayAutoConfiguration, org.springframework.boot.autoconfigure.jdbc.DataSourceAutoConfiguration, org.springframework.boot.autoconfigure.jdbc.DataSourceTransactionManagerAutoConfiguration, org.springframework.boot.autoconfigure.jdbc.JdbcTemplateAutoConfiguration, org.springframework.boot.autoconfigure.liquibase.LiquibaseAutoConfiguration, org.springframework.boot.autoconfigure.orm.jpa.HibernateJpaAutoConfiguration, org.springframework.boot.autoconfigure.transaction.TransactionAutoConfiguration, org.springframework.boot.test.autoconfigure.jdbc.TestDatabaseAutoConfiguration, org.springframework.boot.test.autoconfigure.orm.jpa.TestEntityManagerAutoConfiguration]], org.springframework.boot.test.context.filter.ExcludeFilterContextCustomizer@2b382cc, org.springframework.boot.test.json.DuplicateJsonObjectContextCustomizerFactory$DuplicateJsonObjectContextCustomizer@5e345e3d, org.springframework.boot.test.mock.mockito.MockitoContextCustomizer@0], contextLoader = 'org.springframework.boot.test.context.SpringBootContextLoader', parent = [null]]]; transaction manager [org.springframework.orm.jpa.JpaTransactionManager@22cf2613]; rollback [true]
Hibernate: select nextval ('hibernate_sequence')
Hibernate: insert into tipo_vehiculo (nombre_tipovehiculo, valor_dia, valor_hora, id_tipovehiculo) values (?, ?, ?, ?)
Hibernate: select tipovehicu0_.id_tipovehiculo as id_tipov1_1_, tipovehicu0_.nombre_tipovehiculo as nombre_t2_1_, tipovehicu0_.valor_dia as valor_di3_1_, tipovehicu0_.valor_hora as valor_ho4_1_ from tipo_vehiculo tipovehicu0_
2018-03-03 15:24:32.531  INFO 7936 --- [    Test worker] o.s.t.c.transaction.TransactionContext   : Rolled back transaction for test context [DefaultTestContext@26cd1561 testClass = TipoVehiculoRepositoryTest, testInstance = co.ceiba.repository.TipoVehiculoRepositoryTest@43bb9539, testMethod = buscarTiposVehiculos@TipoVehiculoRepositoryTest, testException = [null], mergedContextConfiguration = [MergedContextConfiguration@69cd11e8 testClass = TipoVehiculoRepositoryTest, locations = '{}', classes = '{class co.ceiba.Main}', contextInitializerClasses = '[]', activeProfiles = '{}', propertySourceLocations = '{}', propertySourceProperties = '{org.springframework.boot.test.context.SpringBootTestContextBootstrapper=true}', contextCustomizers = set[org.springframework.boot.test.autoconfigure.OverrideAutoConfigurationContextCustomizerFactory$DisableAutoConfigurationContextCustomizer@4ba104b8, org.springframework.boot.test.autoconfigure.filter.TypeExcludeFiltersContextCustomizer@351584c0, org.springframework.boot.test.autoconfigure.properties.PropertyMappingContextCustomizer@900721d3, org.springframework.boot.test.autoconfigure.web.servlet.WebDriverContextCustomizerFactory$Customizer@49980723, [ImportsContextCustomizer@5601deb9 key = [org.springframework.boot.autoconfigure.cache.CacheAutoConfiguration, org.springframework.boot.autoconfigure.data.jpa.JpaRepositoriesAutoConfiguration, org.springframework.boot.autoconfigure.flyway.FlywayAutoConfiguration, org.springframework.boot.autoconfigure.jdbc.DataSourceAutoConfiguration, org.springframework.boot.autoconfigure.jdbc.DataSourceTransactionManagerAutoConfiguration, org.springframework.boot.autoconfigure.jdbc.JdbcTemplateAutoConfiguration, org.springframework.boot.autoconfigure.liquibase.LiquibaseAutoConfiguration, org.springframework.boot.autoconfigure.orm.jpa.HibernateJpaAutoConfiguration, org.springframework.boot.autoconfigure.transaction.TransactionAutoConfiguration, org.springframework.boot.test.autoconfigure.jdbc.TestDatabaseAutoConfiguration, org.springframework.boot.test.autoconfigure.orm.jpa.TestEntityManagerAutoConfiguration]], org.springframework.boot.test.context.filter.ExcludeFilterContextCustomizer@2b382cc, org.springframework.boot.test.json.DuplicateJsonObjectContextCustomizerFactory$DuplicateJsonObjectContextCustomizer@5e345e3d, org.springframework.boot.test.mock.mockito.MockitoContextCustomizer@0], contextLoader = 'org.springframework.boot.test.context.SpringBootContextLoader', parent = [null]]].
]]></system-out>
  <system-err><![CDATA[]]></system-err>
</testsuite>
