<?xml version="1.0" encoding="UTF-8"?>
<testsuite name="co.ceiba.process.ReglasParqueaderoProcessTest" tests="2" skipped="0" failures="0" errors="0" timestamp="2018-03-03T20:24:29" hostname="HERNAN-RODRIGUEZ" time="0.004">
  <properties/>
  <testcase name="validarCupoTipoVehiculo" classname="co.ceiba.process.ReglasParqueaderoProcessTest" time="0.002"/>
  <testcase name="validarPlaca" classname="co.ceiba.process.ReglasParqueaderoProcessTest" time="0.002"/>
  <system-out><![CDATA[2018-03-03 15:24:28.976  INFO 7936 --- [    Test worker] o.s.t.c.s.DefaultTestContextBootstrapper : Neither @ContextConfiguration nor @ContextHierarchy found for test class [co.ceiba.process.ReglasParqueaderoProcessTest], using DelegatingSmartContextLoader
2018-03-03 15:24:28.976  INFO 7936 --- [    Test worker] o.s.t.c.support.AbstractContextLoader    : Could not detect default resource locations for test class [co.ceiba.process.ReglasParqueaderoProcessTest]: no resource found for suffixes {-context.xml}.
2018-03-03 15:24:28.976  INFO 7936 --- [    Test worker] t.c.s.AnnotationConfigContextLoaderUtils : Could not detect default configuration classes for test class [co.ceiba.process.ReglasParqueaderoProcessTest]: ReglasParqueaderoProcessTest does not declare any static, non-private, non-final, nested classes annotated with @Configuration.
2018-03-03 15:24:28.980  INFO 7936 --- [    Test worker] o.s.t.c.s.DefaultTestContextBootstrapper : Loaded default TestExecutionListener class names from location [META-INF/spring.factories]: [org.springframework.boot.test.autoconfigure.restdocs.RestDocsTestExecutionListener, org.springframework.boot.test.autoconfigure.web.client.MockRestServiceServerResetTestExecutionListener, org.springframework.boot.test.autoconfigure.web.servlet.MockMvcPrintOnlyOnFailureTestExecutionListener, org.springframework.boot.test.autoconfigure.web.servlet.WebDriverTestExecutionListener, org.springframework.boot.test.mock.mockito.MockitoTestExecutionListener, org.springframework.boot.test.mock.mockito.ResetMocksTestExecutionListener, org.springframework.test.context.web.ServletTestExecutionListener, org.springframework.test.context.support.DirtiesContextBeforeModesTestExecutionListener, org.springframework.test.context.support.DependencyInjectionTestExecutionListener, org.springframework.test.context.support.DirtiesContextTestExecutionListener, org.springframework.test.context.transaction.TransactionalTestExecutionListener, org.springframework.test.context.jdbc.SqlScriptsTestExecutionListener]
2018-03-03 15:24:28.980  INFO 7936 --- [    Test worker] o.s.t.c.s.DefaultTestContextBootstrapper : Using TestExecutionListeners: [org.springframework.test.context.web.ServletTestExecutionListener@349f0225, org.springframework.test.context.support.DirtiesContextBeforeModesTestExecutionListener@355dd499, org.springframework.test.context.support.DependencyInjectionTestExecutionListener@750cf56f, org.springframework.test.context.support.DirtiesContextTestExecutionListener@71be0895, org.springframework.test.context.transaction.TransactionalTestExecutionListener@3dfcb2ad, org.springframework.test.context.jdbc.SqlScriptsTestExecutionListener@665e5097, org.springframework.boot.test.autoconfigure.restdocs.RestDocsTestExecutionListener@746b76be, org.springframework.boot.test.mock.mockito.ResetMocksTestExecutionListener@75903206, org.springframework.boot.test.autoconfigure.web.servlet.MockMvcPrintOnlyOnFailureTestExecutionListener@2d219fc3, org.springframework.boot.test.mock.mockito.MockitoTestExecutionListener@396fa818, org.springframework.boot.test.autoconfigure.web.client.MockRestServiceServerResetTestExecutionListener@161ee70d, org.springframework.boot.test.autoconfigure.web.servlet.WebDriverTestExecutionListener@626ae7ca]
2018-03-03 15:24:28.981  INFO 7936 --- [    Test worker] o.s.c.support.GenericApplicationContext  : Refreshing org.springframework.context.support.GenericApplicationContext@4394b3c3: startup date [Sat Mar 03 15:24:28 COT 2018]; root of context hierarchy
]]></system-out>
  <system-err><![CDATA[]]></system-err>
</testsuite>
