<?xml version="1.0" encoding="UTF-8"?>
<testsuite name="co.ceiba.service.VehiculoServiceImplTest" tests="4" skipped="0" failures="0" errors="0" timestamp="2018-02-28T21:53:32" hostname="HERNAN-RODRIGUEZ" time="0.012">
  <properties/>
  <testcase name="getByEstado" classname="co.ceiba.service.VehiculoServiceImplTest" time="0.002"/>
  <testcase name="getVehiculoByPlaca" classname="co.ceiba.service.VehiculoServiceImplTest" time="0.002"/>
  <testcase name="getByTipoVehiculoAndEstado" classname="co.ceiba.service.VehiculoServiceImplTest" time="0.002"/>
  <testcase name="saveVehiculo" classname="co.ceiba.service.VehiculoServiceImplTest" time="0.002"/>
  <system-out><![CDATA[2018-02-28 16:53:32.485  INFO 6712 --- [    Test worker] o.s.t.c.s.DefaultTestContextBootstrapper : Neither @ContextConfiguration nor @ContextHierarchy found for test class [co.ceiba.service.VehiculoServiceImplTest], using DelegatingSmartContextLoader
2018-02-28 16:53:32.485  INFO 6712 --- [    Test worker] o.s.t.c.support.AbstractContextLoader    : Could not detect default resource locations for test class [co.ceiba.service.VehiculoServiceImplTest]: no resource found for suffixes {-context.xml}.
2018-02-28 16:53:32.486  INFO 6712 --- [    Test worker] c.s.AbstractDelegatingSmartContextLoader : AnnotationConfigContextLoader detected default configuration classes for context configuration [ContextConfigurationAttributes@5cf156e2 declaringClass = 'co.ceiba.service.VehiculoServiceImplTest', classes = '{class co.ceiba.service.VehiculoServiceImplTest$VehiculoServiceImplTestContextConfiguration}', locations = '{}', inheritLocations = false, initializers = '{}', inheritInitializers = true, name = [null], contextLoaderClass = 'org.springframework.test.context.ContextLoader'].
2018-02-28 16:53:32.489  INFO 6712 --- [    Test worker] o.s.t.c.s.DefaultTestContextBootstrapper : Loaded default TestExecutionListener class names from location [META-INF/spring.factories]: [org.springframework.boot.test.autoconfigure.restdocs.RestDocsTestExecutionListener, org.springframework.boot.test.autoconfigure.web.client.MockRestServiceServerResetTestExecutionListener, org.springframework.boot.test.autoconfigure.web.servlet.MockMvcPrintOnlyOnFailureTestExecutionListener, org.springframework.boot.test.autoconfigure.web.servlet.WebDriverTestExecutionListener, org.springframework.boot.test.mock.mockito.MockitoTestExecutionListener, org.springframework.boot.test.mock.mockito.ResetMocksTestExecutionListener, org.springframework.test.context.web.ServletTestExecutionListener, org.springframework.test.context.support.DirtiesContextBeforeModesTestExecutionListener, org.springframework.test.context.support.DependencyInjectionTestExecutionListener, org.springframework.test.context.support.DirtiesContextTestExecutionListener, org.springframework.test.context.transaction.TransactionalTestExecutionListener, org.springframework.test.context.jdbc.SqlScriptsTestExecutionListener]
2018-02-28 16:53:32.490  INFO 6712 --- [    Test worker] o.s.t.c.s.DefaultTestContextBootstrapper : Using TestExecutionListeners: [org.springframework.test.context.web.ServletTestExecutionListener@6ac20643, org.springframework.test.context.support.DirtiesContextBeforeModesTestExecutionListener@25f30ead, org.springframework.test.context.support.DependencyInjectionTestExecutionListener@49d520ec, org.springframework.test.context.support.DirtiesContextTestExecutionListener@15214144, org.springframework.test.context.transaction.TransactionalTestExecutionListener@6fabadbd, org.springframework.test.context.jdbc.SqlScriptsTestExecutionListener@52904083, org.springframework.boot.test.mock.mockito.MockitoTestExecutionListener@32a2c87d, org.springframework.boot.test.autoconfigure.web.servlet.MockMvcPrintOnlyOnFailureTestExecutionListener@2d96840c, org.springframework.boot.test.autoconfigure.web.client.MockRestServiceServerResetTestExecutionListener@1f620246, org.springframework.boot.test.autoconfigure.restdocs.RestDocsTestExecutionListener@4fa6cd71, org.springframework.boot.test.autoconfigure.web.servlet.WebDriverTestExecutionListener@6b6305d8, org.springframework.boot.test.mock.mockito.ResetMocksTestExecutionListener@724c5a5c]
2018-02-28 16:53:32.491  INFO 6712 --- [    Test worker] o.s.c.support.GenericApplicationContext  : Refreshing org.springframework.context.support.GenericApplicationContext@7d330661: startup date [Wed Feb 28 16:53:32 COT 2018]; root of context hierarchy
]]></system-out>
  <system-err><![CDATA[]]></system-err>
</testsuite>
