<?xml version="1.0" encoding="UTF-8"?>
<testsuite name="co.ceiba.Controller.VehiculoControllerTest" tests="1" skipped="0" failures="0" errors="0" timestamp="2018-02-28T21:53:28" hostname="HERNAN-RODRIGUEZ" time="0.036">
  <properties/>
  <testcase name="obtenerVehiculosActivos" classname="co.ceiba.Controller.VehiculoControllerTest" time="0.036"/>
  <system-out><![CDATA[2018-02-28 16:53:27.543  INFO 6712 --- [    Test worker] .b.t.a.w.s.WebMvcTestContextBootstrapper : Neither @ContextConfiguration nor @ContextHierarchy found for test class [co.ceiba.Controller.VehiculoControllerTest], using SpringBootContextLoader
2018-02-28 16:53:27.543  INFO 6712 --- [    Test worker] o.s.t.c.support.AbstractContextLoader    : Could not detect default resource locations for test class [co.ceiba.Controller.VehiculoControllerTest]: no resource found for suffixes {-context.xml, Context.groovy}.
2018-02-28 16:53:27.559  INFO 6712 --- [    Test worker] .b.t.c.SpringBootTestContextBootstrapper : Found @SpringBootConfiguration co.ceiba.Main for test class co.ceiba.Controller.VehiculoControllerTest
2018-02-28 16:53:27.563  INFO 6712 --- [    Test worker] .b.t.a.w.s.WebMvcTestContextBootstrapper : Loaded default TestExecutionListener class names from location [META-INF/spring.factories]: [org.springframework.boot.test.autoconfigure.restdocs.RestDocsTestExecutionListener, org.springframework.boot.test.autoconfigure.web.client.MockRestServiceServerResetTestExecutionListener, org.springframework.boot.test.autoconfigure.web.servlet.MockMvcPrintOnlyOnFailureTestExecutionListener, org.springframework.boot.test.autoconfigure.web.servlet.WebDriverTestExecutionListener, org.springframework.boot.test.mock.mockito.MockitoTestExecutionListener, org.springframework.boot.test.mock.mockito.ResetMocksTestExecutionListener, org.springframework.test.context.web.ServletTestExecutionListener, org.springframework.test.context.support.DirtiesContextBeforeModesTestExecutionListener, org.springframework.test.context.support.DependencyInjectionTestExecutionListener, org.springframework.test.context.support.DirtiesContextTestExecutionListener, org.springframework.test.context.transaction.TransactionalTestExecutionListener, org.springframework.test.context.jdbc.SqlScriptsTestExecutionListener]
2018-02-28 16:53:27.566  INFO 6712 --- [    Test worker] .b.t.a.w.s.WebMvcTestContextBootstrapper : Using TestExecutionListeners: [org.springframework.test.context.web.ServletTestExecutionListener@ae8a96a, org.springframework.test.context.support.DirtiesContextBeforeModesTestExecutionListener@42bb2085, org.springframework.boot.test.autoconfigure.SpringBootDependencyInjectionTestExecutionListener@5b7f8b7c, org.springframework.test.context.support.DirtiesContextTestExecutionListener@281a48a8, org.springframework.test.context.transaction.TransactionalTestExecutionListener@67f60738, org.springframework.test.context.jdbc.SqlScriptsTestExecutionListener@7cd2ac4b, org.springframework.boot.test.mock.mockito.MockitoTestExecutionListener@5b51ecc6, org.springframework.boot.test.autoconfigure.web.servlet.MockMvcPrintOnlyOnFailureTestExecutionListener@2174a00c, org.springframework.boot.test.autoconfigure.web.client.MockRestServiceServerResetTestExecutionListener@76ecbcdd, org.springframework.boot.test.autoconfigure.restdocs.RestDocsTestExecutionListener@1fb5e6bf, org.springframework.boot.test.autoconfigure.web.servlet.WebDriverTestExecutionListener@4bd60e53, org.springframework.boot.test.mock.mockito.ResetMocksTestExecutionListener@4fa6b3e5]

  .   ____          _            __ _ _
 /\\ / ___'_ __ _ _(_)_ __  __ _ \ \ \ \
( ( )\___ | '_ | '_| | '_ \/ _` | \ \ \ \
 \\/  ___)| |_)| | | | | || (_| |  ) ) ) )
  '  |____| .__|_| |_|_| |_\__, | / / / /
 =========|_|==============|___/=/_/_/_/
 :: Spring Boot ::        (v1.5.9.RELEASE)

2018-02-28 16:53:27.620  INFO 6712 --- [    Test worker] c.c.Controller.VehiculoControllerTest    : Starting VehiculoControllerTest on HERNAN-RODRIGUEZ with PID 6712 (started by hernan.rodriguez in D:\workspace\parqueaderoREST)
2018-02-28 16:53:27.620  INFO 6712 --- [    Test worker] c.c.Controller.VehiculoControllerTest    : No active profile set, falling back to default profiles: default
2018-02-28 16:53:27.623  INFO 6712 --- [    Test worker] o.s.w.c.s.GenericWebApplicationContext   : Refreshing org.springframework.web.context.support.GenericWebApplicationContext@44f739f6: startup date [Wed Feb 28 16:53:27 COT 2018]; root of context hierarchy
2018-02-28 16:53:28.044  INFO 6712 --- [    Test worker] s.w.s.m.m.a.RequestMappingHandlerAdapter : Looking for @ControllerAdvice: org.springframework.web.context.support.GenericWebApplicationContext@44f739f6: startup date [Wed Feb 28 16:53:27 COT 2018]; root of context hierarchy
2018-02-28 16:53:28.059  INFO 6712 --- [    Test worker] s.w.s.m.m.a.RequestMappingHandlerMapping : Mapped "{[/Vehiculo/Vehiculos],methods=[GET]}" onto public java.util.List<co.ceiba.model.Vehiculo> co.ceiba.web.VehiculoController.listarVehiculosActivos()
2018-02-28 16:53:28.061  INFO 6712 --- [    Test worker] s.w.s.m.m.a.RequestMappingHandlerMapping : Mapped "{[/error]}" onto public org.springframework.http.ResponseEntity<java.util.Map<java.lang.String, java.lang.Object>> org.springframework.boot.autoconfigure.web.BasicErrorController.error(javax.servlet.http.HttpServletRequest)
2018-02-28 16:53:28.061  INFO 6712 --- [    Test worker] s.w.s.m.m.a.RequestMappingHandlerMapping : Mapped "{[/error],produces=[text/html]}" onto public org.springframework.web.servlet.ModelAndView org.springframework.boot.autoconfigure.web.BasicErrorController.errorHtml(javax.servlet.http.HttpServletRequest,javax.servlet.http.HttpServletResponse)
2018-02-28 16:53:28.086  INFO 6712 --- [    Test worker] o.s.w.s.handler.SimpleUrlHandlerMapping  : Mapped URL path [/webjars/**] onto handler of type [class org.springframework.web.servlet.resource.ResourceHttpRequestHandler]
2018-02-28 16:53:28.087  INFO 6712 --- [    Test worker] o.s.w.s.handler.SimpleUrlHandlerMapping  : Mapped URL path [/**] onto handler of type [class org.springframework.web.servlet.resource.ResourceHttpRequestHandler]
2018-02-28 16:53:28.115  INFO 6712 --- [    Test worker] o.s.w.s.handler.SimpleUrlHandlerMapping  : Mapped URL path [/**/favicon.ico] onto handler of type [class org.springframework.web.servlet.resource.ResourceHttpRequestHandler]
2018-02-28 16:53:28.182  INFO 6712 --- [    Test worker] o.s.b.t.m.w.SpringBootMockServletContext : Initializing Spring FrameworkServlet ''
2018-02-28 16:53:28.182  INFO 6712 --- [    Test worker] o.s.t.web.servlet.TestDispatcherServlet  : FrameworkServlet '': initialization started
2018-02-28 16:53:28.190  INFO 6712 --- [    Test worker] o.s.t.web.servlet.TestDispatcherServlet  : FrameworkServlet '': initialization completed in 8 ms
2018-02-28 16:53:28.248  INFO 6712 --- [    Test worker] c.c.Controller.VehiculoControllerTest    : Started VehiculoControllerTest in 0.669 seconds (JVM running for 5.111)
2018-02-28 16:53:28.254  INFO 6712 --- [    Test worker] o.s.b.t.m.w.SpringBootMockServletContext : Initializing Spring FrameworkServlet ''
2018-02-28 16:53:28.254  INFO 6712 --- [    Test worker] o.s.t.web.servlet.TestDispatcherServlet  : FrameworkServlet '': initialization started
2018-02-28 16:53:28.256  INFO 6712 --- [    Test worker] o.s.t.web.servlet.TestDispatcherServlet  : FrameworkServlet '': initialization completed in 2 ms

MockHttpServletRequest:
      HTTP Method = GET
      Request URI = /Vehiculo/Vehiculos
       Parameters = {}
          Headers = {}

Handler:
             Type = co.ceiba.web.VehiculoController
           Method = public java.util.List<co.ceiba.model.Vehiculo> co.ceiba.web.VehiculoController.listarVehiculosActivos()

Async:
    Async started = false
     Async result = null

Resolved Exception:
             Type = null

ModelAndView:
        View name = null
             View = null
            Model = null

FlashMap:
       Attributes = null

MockHttpServletResponse:
           Status = 200
    Error message = null
          Headers = {Content-Type=[application/json;charset=UTF-8]}
     Content type = application/json;charset=UTF-8
             Body = [{"idVehiculo":0,"placa":"XYZ123","cilindraje":"1200","estado":1,"tipoVehiculo":1,"id_tipoVehiculo":null}]
    Forwarded URL = null
   Redirected URL = null
          Cookies = []
]]></system-out>
  <system-err><![CDATA[]]></system-err>
</testsuite>
