<?xml version="1.0" encoding="UTF-8"?>
<testsuite name="co.ceiba.process.RegistrarSalidaProcessTest" tests="4" skipped="0" failures="0" errors="0" timestamp="2018-03-03T20:24:28" hostname="HERNAN-RODRIGUEZ" time="0.03">
  <properties/>
  <testcase name="validarVehiculoNoRegistrado" classname="co.ceiba.process.RegistrarSalidaProcessTest" time="0.008"/>
  <testcase name="validarVehiculoNoEstacionado" classname="co.ceiba.process.RegistrarSalidaProcessTest" time="0.006"/>
  <testcase name="validarSalidaVehiculoExtitosa" classname="co.ceiba.process.RegistrarSalidaProcessTest" time="0.007"/>
  <testcase name="validarVehiculoRegistradoInactivo" classname="co.ceiba.process.RegistrarSalidaProcessTest" time="0.006"/>
  <system-out><![CDATA[2018-03-03 15:24:27.164  INFO 7936 --- [    Test worker] .b.t.c.SpringBootTestContextBootstrapper : Neither @ContextConfiguration nor @ContextHierarchy found for test class [co.ceiba.process.RegistrarSalidaProcessTest], using SpringBootContextLoader
2018-03-03 15:24:27.164  INFO 7936 --- [    Test worker] o.s.t.c.support.AbstractContextLoader    : Could not detect default resource locations for test class [co.ceiba.process.RegistrarSalidaProcessTest]: no resource found for suffixes {-context.xml, Context.groovy}.
2018-03-03 15:24:27.178  INFO 7936 --- [    Test worker] .b.t.c.SpringBootTestContextBootstrapper : Found @SpringBootConfiguration co.ceiba.Main for test class co.ceiba.process.RegistrarSalidaProcessTest
2018-03-03 15:24:27.181  INFO 7936 --- [    Test worker] .b.t.c.SpringBootTestContextBootstrapper : Loaded default TestExecutionListener class names from location [META-INF/spring.factories]: [org.springframework.boot.test.autoconfigure.restdocs.RestDocsTestExecutionListener, org.springframework.boot.test.autoconfigure.web.client.MockRestServiceServerResetTestExecutionListener, org.springframework.boot.test.autoconfigure.web.servlet.MockMvcPrintOnlyOnFailureTestExecutionListener, org.springframework.boot.test.autoconfigure.web.servlet.WebDriverTestExecutionListener, org.springframework.boot.test.mock.mockito.MockitoTestExecutionListener, org.springframework.boot.test.mock.mockito.ResetMocksTestExecutionListener, org.springframework.test.context.web.ServletTestExecutionListener, org.springframework.test.context.support.DirtiesContextBeforeModesTestExecutionListener, org.springframework.test.context.support.DependencyInjectionTestExecutionListener, org.springframework.test.context.support.DirtiesContextTestExecutionListener, org.springframework.test.context.transaction.TransactionalTestExecutionListener, org.springframework.test.context.jdbc.SqlScriptsTestExecutionListener]
2018-03-03 15:24:27.183  INFO 7936 --- [    Test worker] .b.t.c.SpringBootTestContextBootstrapper : Using TestExecutionListeners: [org.springframework.test.context.web.ServletTestExecutionListener@35b3aff9, org.springframework.test.context.support.DirtiesContextBeforeModesTestExecutionListener@7aeed950, org.springframework.boot.test.autoconfigure.SpringBootDependencyInjectionTestExecutionListener@1110f328, org.springframework.test.context.support.DirtiesContextTestExecutionListener@68afb9c5, org.springframework.test.context.transaction.TransactionalTestExecutionListener@40cb1f4e, org.springframework.test.context.jdbc.SqlScriptsTestExecutionListener@4c637a5e, org.springframework.boot.test.autoconfigure.restdocs.RestDocsTestExecutionListener@5afc4949, org.springframework.boot.test.mock.mockito.ResetMocksTestExecutionListener@4f88b242, org.springframework.boot.test.autoconfigure.web.servlet.MockMvcPrintOnlyOnFailureTestExecutionListener@5721e592, org.springframework.boot.test.mock.mockito.MockitoTestExecutionListener@c7c4a2, org.springframework.boot.test.autoconfigure.web.client.MockRestServiceServerResetTestExecutionListener@38c963f2, org.springframework.boot.test.autoconfigure.web.servlet.WebDriverTestExecutionListener@32d9dc0b]

  .   ____          _            __ _ _
 /\\ / ___'_ __ _ _(_)_ __  __ _ \ \ \ \
( ( )\___ | '_ | '_| | '_ \/ _` | \ \ \ \
 \\/  ___)| |_)| | | | | || (_| |  ) ) ) )
  '  |____| .__|_| |_|_| |_\__, | / / / /
 =========|_|==============|___/=/_/_/_/
 :: Spring Boot ::        (v1.5.9.RELEASE)

2018-03-03 15:24:27.268  INFO 7936 --- [    Test worker] c.c.process.RegistrarSalidaProcessTest   : Starting RegistrarSalidaProcessTest on HERNAN-RODRIGUEZ with PID 7936 (started by hernan.rodriguez in D:\workspace\parqueaderoREST)
2018-03-03 15:24:27.269  INFO 7936 --- [    Test worker] c.c.process.RegistrarSalidaProcessTest   : No active profile set, falling back to default profiles: default
2018-03-03 15:24:27.272  INFO 7936 --- [    Test worker] s.c.a.AnnotationConfigApplicationContext : Refreshing org.springframework.context.annotation.AnnotationConfigApplicationContext@4ba49077: startup date [Sat Mar 03 15:24:27 COT 2018]; root of context hierarchy
2018-03-03 15:24:28.513  INFO 7936 --- [    Test worker] j.LocalContainerEntityManagerFactoryBean : Building JPA container EntityManagerFactory for persistence unit 'default'
2018-03-03 15:24:28.514  INFO 7936 --- [    Test worker] o.hibernate.jpa.internal.util.LogHelper  : HHH000204: Processing PersistenceUnitInfo [
	name: default
	...]
2018-03-03 15:24:28.522  INFO 7936 --- [    Test worker] org.hibernate.dialect.Dialect            : HHH000400: Using dialect: org.hibernate.dialect.PostgreSQLDialect
2018-03-03 15:24:28.675  INFO 7936 --- [    Test worker] o.h.e.j.e.i.LobCreatorBuilderImpl        : HHH000424: Disabling contextual LOB creation as createClob() method threw error : java.lang.reflect.InvocationTargetException
2018-03-03 15:24:28.675  INFO 7936 --- [    Test worker] org.hibernate.type.BasicTypeRegistry     : HHH000270: Type registration [java.util.UUID] overrides previous : org.hibernate.type.UUIDBinaryType@69f03dbf
2018-03-03 15:24:28.680  WARN 7936 --- [    Test worker] org.hibernate.orm.deprecation            : HHH90000014: Found use of deprecated [org.hibernate.id.SequenceGenerator] sequence-based id generator; use org.hibernate.id.enhanced.SequenceStyleGenerator instead.  See Hibernate Domain Model Mapping Guide for details.
2018-03-03 15:24:28.681  WARN 7936 --- [    Test worker] org.hibernate.orm.deprecation            : HHH90000014: Found use of deprecated [org.hibernate.id.SequenceGenerator] sequence-based id generator; use org.hibernate.id.enhanced.SequenceStyleGenerator instead.  See Hibernate Domain Model Mapping Guide for details.
2018-03-03 15:24:28.681  WARN 7936 --- [    Test worker] org.hibernate.orm.deprecation            : HHH90000014: Found use of deprecated [org.hibernate.id.SequenceGenerator] sequence-based id generator; use org.hibernate.id.enhanced.SequenceStyleGenerator instead.  See Hibernate Domain Model Mapping Guide for details.
2018-03-03 15:24:28.705  INFO 7936 --- [    Test worker] org.hibernate.tool.hbm2ddl.SchemaUpdate  : HHH000228: Running hbm2ddl schema update
2018-03-03 15:24:28.814  INFO 7936 --- [    Test worker] o.h.h.i.QueryTranslatorFactoryInitiator  : HHH000397: Using ASTQueryTranslatorFactory
2018-03-03 15:24:28.822  WARN 7936 --- [    Test worker] o.h.j.i.EntityManagerFactoryRegistry     : HHH000436: Entity manager factory name (default) is already registered.  If entity manager will be clustered or passivated, specify a unique value for property 'hibernate.ejb.entitymanager_factory_name'
2018-03-03 15:24:28.822  INFO 7936 --- [    Test worker] j.LocalContainerEntityManagerFactoryBean : Initialized JPA EntityManagerFactory for persistence unit 'default'
2018-03-03 15:24:28.932  INFO 7936 --- [    Test worker] c.c.process.RegistrarSalidaProcessTest   : Started RegistrarSalidaProcessTest in 1.744 seconds (JVM running for 11.066)
2018-03-03 15:24:28.943  INFO 7936 --- [    Test worker] o.s.t.c.transaction.TransactionContext   : Began transaction (1) for test context [DefaultTestContext@4e190b60 testClass = RegistrarSalidaProcessTest, testInstance = co.ceiba.process.RegistrarSalidaProcessTest@4226ad39, testMethod = validarVehiculoNoRegistrado@RegistrarSalidaProcessTest, testException = [null], mergedContextConfiguration = [MergedContextConfiguration@4eb7d40b testClass = RegistrarSalidaProcessTest, locations = '{}', classes = '{class co.ceiba.Main, class co.ceiba.process.RegistrarSalidaProcessTest$TipoVehiculoServiceImplTestContextConfiguration, class co.ceiba.process.RegistrarSalidaProcessTest$VehiculoServiceImplTestContextConfiguration, class co.ceiba.process.RegistrarSalidaProcessTest$EstacionamientoServiceImplTestContextConfiguration}', contextInitializerClasses = '[]', activeProfiles = '{}', propertySourceLocations = '{}', propertySourceProperties = '{org.springframework.boot.test.context.SpringBootTestContextBootstrapper=true}', contextCustomizers = set[org.springframework.boot.test.autoconfigure.OverrideAutoConfigurationContextCustomizerFactory$DisableAutoConfigurationContextCustomizer@4ba104b8, org.springframework.boot.test.autoconfigure.filter.TypeExcludeFiltersContextCustomizer@351584c0, org.springframework.boot.test.autoconfigure.properties.PropertyMappingContextCustomizer@900721d3, org.springframework.boot.test.autoconfigure.web.servlet.WebDriverContextCustomizerFactory$Customizer@49980723, [ImportsContextCustomizer@63b5436b key = [org.springframework.boot.autoconfigure.cache.CacheAutoConfiguration, org.springframework.boot.autoconfigure.data.jpa.JpaRepositoriesAutoConfiguration, org.springframework.boot.autoconfigure.flyway.FlywayAutoConfiguration, org.springframework.boot.autoconfigure.jdbc.DataSourceAutoConfiguration, org.springframework.boot.autoconfigure.jdbc.DataSourceTransactionManagerAutoConfiguration, org.springframework.boot.autoconfigure.jdbc.JdbcTemplateAutoConfiguration, org.springframework.boot.autoconfigure.liquibase.LiquibaseAutoConfiguration, org.springframework.boot.autoconfigure.orm.jpa.HibernateJpaAutoConfiguration, org.springframework.boot.autoconfigure.transaction.TransactionAutoConfiguration, org.springframework.boot.test.autoconfigure.jdbc.TestDatabaseAutoConfiguration, org.springframework.boot.test.autoconfigure.orm.jpa.TestEntityManagerAutoConfiguration]], org.springframework.boot.test.context.filter.ExcludeFilterContextCustomizer@2b382cc, org.springframework.boot.test.json.DuplicateJsonObjectContextCustomizerFactory$DuplicateJsonObjectContextCustomizer@5e345e3d, org.springframework.boot.test.mock.mockito.MockitoContextCustomizer@d7d30fcd], contextLoader = 'org.springframework.boot.test.context.SpringBootContextLoader', parent = [null]]]; transaction manager [org.springframework.orm.jpa.JpaTransactionManager@2a43c692]; rollback [true]
2018-03-03 15:24:28.949  INFO 7936 --- [    Test worker] o.s.t.c.transaction.TransactionContext   : Rolled back transaction for test context [DefaultTestContext@4e190b60 testClass = RegistrarSalidaProcessTest, testInstance = co.ceiba.process.RegistrarSalidaProcessTest@4226ad39, testMethod = validarVehiculoNoRegistrado@RegistrarSalidaProcessTest, testException = [null], mergedContextConfiguration = [MergedContextConfiguration@4eb7d40b testClass = RegistrarSalidaProcessTest, locations = '{}', classes = '{class co.ceiba.Main, class co.ceiba.process.RegistrarSalidaProcessTest$TipoVehiculoServiceImplTestContextConfiguration, class co.ceiba.process.RegistrarSalidaProcessTest$VehiculoServiceImplTestContextConfiguration, class co.ceiba.process.RegistrarSalidaProcessTest$EstacionamientoServiceImplTestContextConfiguration}', contextInitializerClasses = '[]', activeProfiles = '{}', propertySourceLocations = '{}', propertySourceProperties = '{org.springframework.boot.test.context.SpringBootTestContextBootstrapper=true}', contextCustomizers = set[org.springframework.boot.test.autoconfigure.OverrideAutoConfigurationContextCustomizerFactory$DisableAutoConfigurationContextCustomizer@4ba104b8, org.springframework.boot.test.autoconfigure.filter.TypeExcludeFiltersContextCustomizer@351584c0, org.springframework.boot.test.autoconfigure.properties.PropertyMappingContextCustomizer@900721d3, org.springframework.boot.test.autoconfigure.web.servlet.WebDriverContextCustomizerFactory$Customizer@49980723, [ImportsContextCustomizer@63b5436b key = [org.springframework.boot.autoconfigure.cache.CacheAutoConfiguration, org.springframework.boot.autoconfigure.data.jpa.JpaRepositoriesAutoConfiguration, org.springframework.boot.autoconfigure.flyway.FlywayAutoConfiguration, org.springframework.boot.autoconfigure.jdbc.DataSourceAutoConfiguration, org.springframework.boot.autoconfigure.jdbc.DataSourceTransactionManagerAutoConfiguration, org.springframework.boot.autoconfigure.jdbc.JdbcTemplateAutoConfiguration, org.springframework.boot.autoconfigure.liquibase.LiquibaseAutoConfiguration, org.springframework.boot.autoconfigure.orm.jpa.HibernateJpaAutoConfiguration, org.springframework.boot.autoconfigure.transaction.TransactionAutoConfiguration, org.springframework.boot.test.autoconfigure.jdbc.TestDatabaseAutoConfiguration, org.springframework.boot.test.autoconfigure.orm.jpa.TestEntityManagerAutoConfiguration]], org.springframework.boot.test.context.filter.ExcludeFilterContextCustomizer@2b382cc, org.springframework.boot.test.json.DuplicateJsonObjectContextCustomizerFactory$DuplicateJsonObjectContextCustomizer@5e345e3d, org.springframework.boot.test.mock.mockito.MockitoContextCustomizer@d7d30fcd], contextLoader = 'org.springframework.boot.test.context.SpringBootContextLoader', parent = [null]]].
2018-03-03 15:24:28.952  INFO 7936 --- [    Test worker] o.s.t.c.transaction.TransactionContext   : Began transaction (1) for test context [DefaultTestContext@4e190b60 testClass = RegistrarSalidaProcessTest, testInstance = co.ceiba.process.RegistrarSalidaProcessTest@444522b5, testMethod = validarVehiculoNoEstacionado@RegistrarSalidaProcessTest, testException = [null], mergedContextConfiguration = [MergedContextConfiguration@4eb7d40b testClass = RegistrarSalidaProcessTest, locations = '{}', classes = '{class co.ceiba.Main, class co.ceiba.process.RegistrarSalidaProcessTest$TipoVehiculoServiceImplTestContextConfiguration, class co.ceiba.process.RegistrarSalidaProcessTest$VehiculoServiceImplTestContextConfiguration, class co.ceiba.process.RegistrarSalidaProcessTest$EstacionamientoServiceImplTestContextConfiguration}', contextInitializerClasses = '[]', activeProfiles = '{}', propertySourceLocations = '{}', propertySourceProperties = '{org.springframework.boot.test.context.SpringBootTestContextBootstrapper=true}', contextCustomizers = set[org.springframework.boot.test.autoconfigure.OverrideAutoConfigurationContextCustomizerFactory$DisableAutoConfigurationContextCustomizer@4ba104b8, org.springframework.boot.test.autoconfigure.filter.TypeExcludeFiltersContextCustomizer@351584c0, org.springframework.boot.test.autoconfigure.properties.PropertyMappingContextCustomizer@900721d3, org.springframework.boot.test.autoconfigure.web.servlet.WebDriverContextCustomizerFactory$Customizer@49980723, [ImportsContextCustomizer@63b5436b key = [org.springframework.boot.autoconfigure.cache.CacheAutoConfiguration, org.springframework.boot.autoconfigure.data.jpa.JpaRepositoriesAutoConfiguration, org.springframework.boot.autoconfigure.flyway.FlywayAutoConfiguration, org.springframework.boot.autoconfigure.jdbc.DataSourceAutoConfiguration, org.springframework.boot.autoconfigure.jdbc.DataSourceTransactionManagerAutoConfiguration, org.springframework.boot.autoconfigure.jdbc.JdbcTemplateAutoConfiguration, org.springframework.boot.autoconfigure.liquibase.LiquibaseAutoConfiguration, org.springframework.boot.autoconfigure.orm.jpa.HibernateJpaAutoConfiguration, org.springframework.boot.autoconfigure.transaction.TransactionAutoConfiguration, org.springframework.boot.test.autoconfigure.jdbc.TestDatabaseAutoConfiguration, org.springframework.boot.test.autoconfigure.orm.jpa.TestEntityManagerAutoConfiguration]], org.springframework.boot.test.context.filter.ExcludeFilterContextCustomizer@2b382cc, org.springframework.boot.test.json.DuplicateJsonObjectContextCustomizerFactory$DuplicateJsonObjectContextCustomizer@5e345e3d, org.springframework.boot.test.mock.mockito.MockitoContextCustomizer@d7d30fcd], contextLoader = 'org.springframework.boot.test.context.SpringBootContextLoader', parent = [null]]]; transaction manager [org.springframework.orm.jpa.JpaTransactionManager@2a43c692]; rollback [true]
2018-03-03 15:24:28.956  INFO 7936 --- [    Test worker] o.s.t.c.transaction.TransactionContext   : Rolled back transaction for test context [DefaultTestContext@4e190b60 testClass = RegistrarSalidaProcessTest, testInstance = co.ceiba.process.RegistrarSalidaProcessTest@444522b5, testMethod = validarVehiculoNoEstacionado@RegistrarSalidaProcessTest, testException = [null], mergedContextConfiguration = [MergedContextConfiguration@4eb7d40b testClass = RegistrarSalidaProcessTest, locations = '{}', classes = '{class co.ceiba.Main, class co.ceiba.process.RegistrarSalidaProcessTest$TipoVehiculoServiceImplTestContextConfiguration, class co.ceiba.process.RegistrarSalidaProcessTest$VehiculoServiceImplTestContextConfiguration, class co.ceiba.process.RegistrarSalidaProcessTest$EstacionamientoServiceImplTestContextConfiguration}', contextInitializerClasses = '[]', activeProfiles = '{}', propertySourceLocations = '{}', propertySourceProperties = '{org.springframework.boot.test.context.SpringBootTestContextBootstrapper=true}', contextCustomizers = set[org.springframework.boot.test.autoconfigure.OverrideAutoConfigurationContextCustomizerFactory$DisableAutoConfigurationContextCustomizer@4ba104b8, org.springframework.boot.test.autoconfigure.filter.TypeExcludeFiltersContextCustomizer@351584c0, org.springframework.boot.test.autoconfigure.properties.PropertyMappingContextCustomizer@900721d3, org.springframework.boot.test.autoconfigure.web.servlet.WebDriverContextCustomizerFactory$Customizer@49980723, [ImportsContextCustomizer@63b5436b key = [org.springframework.boot.autoconfigure.cache.CacheAutoConfiguration, org.springframework.boot.autoconfigure.data.jpa.JpaRepositoriesAutoConfiguration, org.springframework.boot.autoconfigure.flyway.FlywayAutoConfiguration, org.springframework.boot.autoconfigure.jdbc.DataSourceAutoConfiguration, org.springframework.boot.autoconfigure.jdbc.DataSourceTransactionManagerAutoConfiguration, org.springframework.boot.autoconfigure.jdbc.JdbcTemplateAutoConfiguration, org.springframework.boot.autoconfigure.liquibase.LiquibaseAutoConfiguration, org.springframework.boot.autoconfigure.orm.jpa.HibernateJpaAutoConfiguration, org.springframework.boot.autoconfigure.transaction.TransactionAutoConfiguration, org.springframework.boot.test.autoconfigure.jdbc.TestDatabaseAutoConfiguration, org.springframework.boot.test.autoconfigure.orm.jpa.TestEntityManagerAutoConfiguration]], org.springframework.boot.test.context.filter.ExcludeFilterContextCustomizer@2b382cc, org.springframework.boot.test.json.DuplicateJsonObjectContextCustomizerFactory$DuplicateJsonObjectContextCustomizer@5e345e3d, org.springframework.boot.test.mock.mockito.MockitoContextCustomizer@d7d30fcd], contextLoader = 'org.springframework.boot.test.context.SpringBootContextLoader', parent = [null]]].
2018-03-03 15:24:28.959  INFO 7936 --- [    Test worker] o.s.t.c.transaction.TransactionContext   : Began transaction (1) for test context [DefaultTestContext@4e190b60 testClass = RegistrarSalidaProcessTest, testInstance = co.ceiba.process.RegistrarSalidaProcessTest@5f81fa61, testMethod = validarSalidaVehiculoExtitosa@RegistrarSalidaProcessTest, testException = [null], mergedContextConfiguration = [MergedContextConfiguration@4eb7d40b testClass = RegistrarSalidaProcessTest, locations = '{}', classes = '{class co.ceiba.Main, class co.ceiba.process.RegistrarSalidaProcessTest$TipoVehiculoServiceImplTestContextConfiguration, class co.ceiba.process.RegistrarSalidaProcessTest$VehiculoServiceImplTestContextConfiguration, class co.ceiba.process.RegistrarSalidaProcessTest$EstacionamientoServiceImplTestContextConfiguration}', contextInitializerClasses = '[]', activeProfiles = '{}', propertySourceLocations = '{}', propertySourceProperties = '{org.springframework.boot.test.context.SpringBootTestContextBootstrapper=true}', contextCustomizers = set[org.springframework.boot.test.autoconfigure.OverrideAutoConfigurationContextCustomizerFactory$DisableAutoConfigurationContextCustomizer@4ba104b8, org.springframework.boot.test.autoconfigure.filter.TypeExcludeFiltersContextCustomizer@351584c0, org.springframework.boot.test.autoconfigure.properties.PropertyMappingContextCustomizer@900721d3, org.springframework.boot.test.autoconfigure.web.servlet.WebDriverContextCustomizerFactory$Customizer@49980723, [ImportsContextCustomizer@63b5436b key = [org.springframework.boot.autoconfigure.cache.CacheAutoConfiguration, org.springframework.boot.autoconfigure.data.jpa.JpaRepositoriesAutoConfiguration, org.springframework.boot.autoconfigure.flyway.FlywayAutoConfiguration, org.springframework.boot.autoconfigure.jdbc.DataSourceAutoConfiguration, org.springframework.boot.autoconfigure.jdbc.DataSourceTransactionManagerAutoConfiguration, org.springframework.boot.autoconfigure.jdbc.JdbcTemplateAutoConfiguration, org.springframework.boot.autoconfigure.liquibase.LiquibaseAutoConfiguration, org.springframework.boot.autoconfigure.orm.jpa.HibernateJpaAutoConfiguration, org.springframework.boot.autoconfigure.transaction.TransactionAutoConfiguration, org.springframework.boot.test.autoconfigure.jdbc.TestDatabaseAutoConfiguration, org.springframework.boot.test.autoconfigure.orm.jpa.TestEntityManagerAutoConfiguration]], org.springframework.boot.test.context.filter.ExcludeFilterContextCustomizer@2b382cc, org.springframework.boot.test.json.DuplicateJsonObjectContextCustomizerFactory$DuplicateJsonObjectContextCustomizer@5e345e3d, org.springframework.boot.test.mock.mockito.MockitoContextCustomizer@d7d30fcd], contextLoader = 'org.springframework.boot.test.context.SpringBootContextLoader', parent = [null]]]; transaction manager [org.springframework.orm.jpa.JpaTransactionManager@2a43c692]; rollback [true]
2018-03-03 15:24:28.964  INFO 7936 --- [    Test worker] o.s.t.c.transaction.TransactionContext   : Rolled back transaction for test context [DefaultTestContext@4e190b60 testClass = RegistrarSalidaProcessTest, testInstance = co.ceiba.process.RegistrarSalidaProcessTest@5f81fa61, testMethod = validarSalidaVehiculoExtitosa@RegistrarSalidaProcessTest, testException = [null], mergedContextConfiguration = [MergedContextConfiguration@4eb7d40b testClass = RegistrarSalidaProcessTest, locations = '{}', classes = '{class co.ceiba.Main, class co.ceiba.process.RegistrarSalidaProcessTest$TipoVehiculoServiceImplTestContextConfiguration, class co.ceiba.process.RegistrarSalidaProcessTest$VehiculoServiceImplTestContextConfiguration, class co.ceiba.process.RegistrarSalidaProcessTest$EstacionamientoServiceImplTestContextConfiguration}', contextInitializerClasses = '[]', activeProfiles = '{}', propertySourceLocations = '{}', propertySourceProperties = '{org.springframework.boot.test.context.SpringBootTestContextBootstrapper=true}', contextCustomizers = set[org.springframework.boot.test.autoconfigure.OverrideAutoConfigurationContextCustomizerFactory$DisableAutoConfigurationContextCustomizer@4ba104b8, org.springframework.boot.test.autoconfigure.filter.TypeExcludeFiltersContextCustomizer@351584c0, org.springframework.boot.test.autoconfigure.properties.PropertyMappingContextCustomizer@900721d3, org.springframework.boot.test.autoconfigure.web.servlet.WebDriverContextCustomizerFactory$Customizer@49980723, [ImportsContextCustomizer@63b5436b key = [org.springframework.boot.autoconfigure.cache.CacheAutoConfiguration, org.springframework.boot.autoconfigure.data.jpa.JpaRepositoriesAutoConfiguration, org.springframework.boot.autoconfigure.flyway.FlywayAutoConfiguration, org.springframework.boot.autoconfigure.jdbc.DataSourceAutoConfiguration, org.springframework.boot.autoconfigure.jdbc.DataSourceTransactionManagerAutoConfiguration, org.springframework.boot.autoconfigure.jdbc.JdbcTemplateAutoConfiguration, org.springframework.boot.autoconfigure.liquibase.LiquibaseAutoConfiguration, org.springframework.boot.autoconfigure.orm.jpa.HibernateJpaAutoConfiguration, org.springframework.boot.autoconfigure.transaction.TransactionAutoConfiguration, org.springframework.boot.test.autoconfigure.jdbc.TestDatabaseAutoConfiguration, org.springframework.boot.test.autoconfigure.orm.jpa.TestEntityManagerAutoConfiguration]], org.springframework.boot.test.context.filter.ExcludeFilterContextCustomizer@2b382cc, org.springframework.boot.test.json.DuplicateJsonObjectContextCustomizerFactory$DuplicateJsonObjectContextCustomizer@5e345e3d, org.springframework.boot.test.mock.mockito.MockitoContextCustomizer@d7d30fcd], contextLoader = 'org.springframework.boot.test.context.SpringBootContextLoader', parent = [null]]].
2018-03-03 15:24:28.967  INFO 7936 --- [    Test worker] o.s.t.c.transaction.TransactionContext   : Began transaction (1) for test context [DefaultTestContext@4e190b60 testClass = RegistrarSalidaProcessTest, testInstance = co.ceiba.process.RegistrarSalidaProcessTest@11523094, testMethod = validarVehiculoRegistradoInactivo@RegistrarSalidaProcessTest, testException = [null], mergedContextConfiguration = [MergedContextConfiguration@4eb7d40b testClass = RegistrarSalidaProcessTest, locations = '{}', classes = '{class co.ceiba.Main, class co.ceiba.process.RegistrarSalidaProcessTest$TipoVehiculoServiceImplTestContextConfiguration, class co.ceiba.process.RegistrarSalidaProcessTest$VehiculoServiceImplTestContextConfiguration, class co.ceiba.process.RegistrarSalidaProcessTest$EstacionamientoServiceImplTestContextConfiguration}', contextInitializerClasses = '[]', activeProfiles = '{}', propertySourceLocations = '{}', propertySourceProperties = '{org.springframework.boot.test.context.SpringBootTestContextBootstrapper=true}', contextCustomizers = set[org.springframework.boot.test.autoconfigure.OverrideAutoConfigurationContextCustomizerFactory$DisableAutoConfigurationContextCustomizer@4ba104b8, org.springframework.boot.test.autoconfigure.filter.TypeExcludeFiltersContextCustomizer@351584c0, org.springframework.boot.test.autoconfigure.properties.PropertyMappingContextCustomizer@900721d3, org.springframework.boot.test.autoconfigure.web.servlet.WebDriverContextCustomizerFactory$Customizer@49980723, [ImportsContextCustomizer@63b5436b key = [org.springframework.boot.autoconfigure.cache.CacheAutoConfiguration, org.springframework.boot.autoconfigure.data.jpa.JpaRepositoriesAutoConfiguration, org.springframework.boot.autoconfigure.flyway.FlywayAutoConfiguration, org.springframework.boot.autoconfigure.jdbc.DataSourceAutoConfiguration, org.springframework.boot.autoconfigure.jdbc.DataSourceTransactionManagerAutoConfiguration, org.springframework.boot.autoconfigure.jdbc.JdbcTemplateAutoConfiguration, org.springframework.boot.autoconfigure.liquibase.LiquibaseAutoConfiguration, org.springframework.boot.autoconfigure.orm.jpa.HibernateJpaAutoConfiguration, org.springframework.boot.autoconfigure.transaction.TransactionAutoConfiguration, org.springframework.boot.test.autoconfigure.jdbc.TestDatabaseAutoConfiguration, org.springframework.boot.test.autoconfigure.orm.jpa.TestEntityManagerAutoConfiguration]], org.springframework.boot.test.context.filter.ExcludeFilterContextCustomizer@2b382cc, org.springframework.boot.test.json.DuplicateJsonObjectContextCustomizerFactory$DuplicateJsonObjectContextCustomizer@5e345e3d, org.springframework.boot.test.mock.mockito.MockitoContextCustomizer@d7d30fcd], contextLoader = 'org.springframework.boot.test.context.SpringBootContextLoader', parent = [null]]]; transaction manager [org.springframework.orm.jpa.JpaTransactionManager@2a43c692]; rollback [true]
2018-03-03 15:24:28.971  INFO 7936 --- [    Test worker] o.s.t.c.transaction.TransactionContext   : Rolled back transaction for test context [DefaultTestContext@4e190b60 testClass = RegistrarSalidaProcessTest, testInstance = co.ceiba.process.RegistrarSalidaProcessTest@11523094, testMethod = validarVehiculoRegistradoInactivo@RegistrarSalidaProcessTest, testException = [null], mergedContextConfiguration = [MergedContextConfiguration@4eb7d40b testClass = RegistrarSalidaProcessTest, locations = '{}', classes = '{class co.ceiba.Main, class co.ceiba.process.RegistrarSalidaProcessTest$TipoVehiculoServiceImplTestContextConfiguration, class co.ceiba.process.RegistrarSalidaProcessTest$VehiculoServiceImplTestContextConfiguration, class co.ceiba.process.RegistrarSalidaProcessTest$EstacionamientoServiceImplTestContextConfiguration}', contextInitializerClasses = '[]', activeProfiles = '{}', propertySourceLocations = '{}', propertySourceProperties = '{org.springframework.boot.test.context.SpringBootTestContextBootstrapper=true}', contextCustomizers = set[org.springframework.boot.test.autoconfigure.OverrideAutoConfigurationContextCustomizerFactory$DisableAutoConfigurationContextCustomizer@4ba104b8, org.springframework.boot.test.autoconfigure.filter.TypeExcludeFiltersContextCustomizer@351584c0, org.springframework.boot.test.autoconfigure.properties.PropertyMappingContextCustomizer@900721d3, org.springframework.boot.test.autoconfigure.web.servlet.WebDriverContextCustomizerFactory$Customizer@49980723, [ImportsContextCustomizer@63b5436b key = [org.springframework.boot.autoconfigure.cache.CacheAutoConfiguration, org.springframework.boot.autoconfigure.data.jpa.JpaRepositoriesAutoConfiguration, org.springframework.boot.autoconfigure.flyway.FlywayAutoConfiguration, org.springframework.boot.autoconfigure.jdbc.DataSourceAutoConfiguration, org.springframework.boot.autoconfigure.jdbc.DataSourceTransactionManagerAutoConfiguration, org.springframework.boot.autoconfigure.jdbc.JdbcTemplateAutoConfiguration, org.springframework.boot.autoconfigure.liquibase.LiquibaseAutoConfiguration, org.springframework.boot.autoconfigure.orm.jpa.HibernateJpaAutoConfiguration, org.springframework.boot.autoconfigure.transaction.TransactionAutoConfiguration, org.springframework.boot.test.autoconfigure.jdbc.TestDatabaseAutoConfiguration, org.springframework.boot.test.autoconfigure.orm.jpa.TestEntityManagerAutoConfiguration]], org.springframework.boot.test.context.filter.ExcludeFilterContextCustomizer@2b382cc, org.springframework.boot.test.json.DuplicateJsonObjectContextCustomizerFactory$DuplicateJsonObjectContextCustomizer@5e345e3d, org.springframework.boot.test.mock.mockito.MockitoContextCustomizer@d7d30fcd], contextLoader = 'org.springframework.boot.test.context.SpringBootContextLoader', parent = [null]]].
]]></system-out>
  <system-err><![CDATA[]]></system-err>
</testsuite>
