<?xml version="1.0" encoding="UTF-8"?>
<testsuite name="co.ceiba.Controller.TipoVehiculoControllerTest" tests="1" skipped="0" failures="0" errors="0" timestamp="2018-03-03T20:24:22" hostname="HERNAN-RODRIGUEZ" time="0.018">
  <properties/>
  <testcase name="obtenerTiposVehiculos" classname="co.ceiba.Controller.TipoVehiculoControllerTest" time="0.018"/>
  <system-out><![CDATA[2018-03-03 15:24:22.247  INFO 7936 --- [    Test worker] .b.t.a.w.s.WebMvcTestContextBootstrapper : Neither @ContextConfiguration nor @ContextHierarchy found for test class [co.ceiba.Controller.TipoVehiculoControllerTest], using SpringBootContextLoader
2018-03-03 15:24:22.248  INFO 7936 --- [    Test worker] o.s.t.c.support.AbstractContextLoader    : Could not detect default resource locations for test class [co.ceiba.Controller.TipoVehiculoControllerTest]: no resource found for suffixes {-context.xml, Context.groovy}.
2018-03-03 15:24:22.267  INFO 7936 --- [    Test worker] .b.t.c.SpringBootTestContextBootstrapper : Found @SpringBootConfiguration co.ceiba.Main for test class co.ceiba.Controller.TipoVehiculoControllerTest
2018-03-03 15:24:22.269  INFO 7936 --- [    Test worker] .b.t.a.w.s.WebMvcTestContextBootstrapper : Loaded default TestExecutionListener class names from location [META-INF/spring.factories]: [org.springframework.boot.test.autoconfigure.restdocs.RestDocsTestExecutionListener, org.springframework.boot.test.autoconfigure.web.client.MockRestServiceServerResetTestExecutionListener, org.springframework.boot.test.autoconfigure.web.servlet.MockMvcPrintOnlyOnFailureTestExecutionListener, org.springframework.boot.test.autoconfigure.web.servlet.WebDriverTestExecutionListener, org.springframework.boot.test.mock.mockito.MockitoTestExecutionListener, org.springframework.boot.test.mock.mockito.ResetMocksTestExecutionListener, org.springframework.test.context.web.ServletTestExecutionListener, org.springframework.test.context.support.DirtiesContextBeforeModesTestExecutionListener, org.springframework.test.context.support.DependencyInjectionTestExecutionListener, org.springframework.test.context.support.DirtiesContextTestExecutionListener, org.springframework.test.context.transaction.TransactionalTestExecutionListener, org.springframework.test.context.jdbc.SqlScriptsTestExecutionListener]
2018-03-03 15:24:22.271  INFO 7936 --- [    Test worker] .b.t.a.w.s.WebMvcTestContextBootstrapper : Using TestExecutionListeners: [org.springframework.test.context.web.ServletTestExecutionListener@2129ec75, org.springframework.test.context.support.DirtiesContextBeforeModesTestExecutionListener@4ca127ed, org.springframework.boot.test.autoconfigure.SpringBootDependencyInjectionTestExecutionListener@7331e25c, org.springframework.test.context.support.DirtiesContextTestExecutionListener@1a2899e1, org.springframework.test.context.transaction.TransactionalTestExecutionListener@740c8495, org.springframework.test.context.jdbc.SqlScriptsTestExecutionListener@31d74bb6, org.springframework.boot.test.autoconfigure.restdocs.RestDocsTestExecutionListener@4d087cd2, org.springframework.boot.test.mock.mockito.ResetMocksTestExecutionListener@13310303, org.springframework.boot.test.autoconfigure.web.servlet.MockMvcPrintOnlyOnFailureTestExecutionListener@38915dc, org.springframework.boot.test.mock.mockito.MockitoTestExecutionListener@80864e0, org.springframework.boot.test.autoconfigure.web.client.MockRestServiceServerResetTestExecutionListener@6e867df, org.springframework.boot.test.autoconfigure.web.servlet.WebDriverTestExecutionListener@1dda551a]

  .   ____          _            __ _ _
 /\\ / ___'_ __ _ _(_)_ __  __ _ \ \ \ \
( ( )\___ | '_ | '_| | '_ \/ _` | \ \ \ \
 \\/  ___)| |_)| | | | | || (_| |  ) ) ) )
  '  |____| .__|_| |_|_| |_\__, | / / / /
 =========|_|==============|___/=/_/_/_/
 :: Spring Boot ::        (v1.5.9.RELEASE)

2018-03-03 15:24:22.311  INFO 7936 --- [    Test worker] c.c.C.TipoVehiculoControllerTest         : Starting TipoVehiculoControllerTest on HERNAN-RODRIGUEZ with PID 7936 (started by hernan.rodriguez in D:\workspace\parqueaderoREST)
2018-03-03 15:24:22.311  INFO 7936 --- [    Test worker] c.c.C.TipoVehiculoControllerTest         : No active profile set, falling back to default profiles: default
2018-03-03 15:24:22.314  INFO 7936 --- [    Test worker] o.s.w.c.s.GenericWebApplicationContext   : Refreshing org.springframework.web.context.support.GenericWebApplicationContext@78b38601: startup date [Sat Mar 03 15:24:22 COT 2018]; root of context hierarchy
2018-03-03 15:24:22.718  INFO 7936 --- [    Test worker] s.w.s.m.m.a.RequestMappingHandlerAdapter : Looking for @ControllerAdvice: org.springframework.web.context.support.GenericWebApplicationContext@78b38601: startup date [Sat Mar 03 15:24:22 COT 2018]; root of context hierarchy
2018-03-03 15:24:22.731  INFO 7936 --- [    Test worker] s.w.s.m.m.a.RequestMappingHandlerMapping : Mapped "{[/tipoVehiculo/tiposVehiculos],methods=[GET]}" onto public java.util.List<co.ceiba.model.TipoVehiculo> co.ceiba.web.TipoVehiculoController.listarTiposVehiculo()
2018-03-03 15:24:22.733  INFO 7936 --- [    Test worker] s.w.s.m.m.a.RequestMappingHandlerMapping : Mapped "{[/error]}" onto public org.springframework.http.ResponseEntity<java.util.Map<java.lang.String, java.lang.Object>> org.springframework.boot.autoconfigure.web.BasicErrorController.error(javax.servlet.http.HttpServletRequest)
2018-03-03 15:24:22.733  INFO 7936 --- [    Test worker] s.w.s.m.m.a.RequestMappingHandlerMapping : Mapped "{[/error],produces=[text/html]}" onto public org.springframework.web.servlet.ModelAndView org.springframework.boot.autoconfigure.web.BasicErrorController.errorHtml(javax.servlet.http.HttpServletRequest,javax.servlet.http.HttpServletResponse)
2018-03-03 15:24:22.759  INFO 7936 --- [    Test worker] o.s.w.s.handler.SimpleUrlHandlerMapping  : Mapped URL path [/webjars/**] onto handler of type [class org.springframework.web.servlet.resource.ResourceHttpRequestHandler]
2018-03-03 15:24:22.759  INFO 7936 --- [    Test worker] o.s.w.s.handler.SimpleUrlHandlerMapping  : Mapped URL path [/**] onto handler of type [class org.springframework.web.servlet.resource.ResourceHttpRequestHandler]
2018-03-03 15:24:22.792  INFO 7936 --- [    Test worker] o.s.w.s.handler.SimpleUrlHandlerMapping  : Mapped URL path [/**/favicon.ico] onto handler of type [class org.springframework.web.servlet.resource.ResourceHttpRequestHandler]
2018-03-03 15:24:22.864  INFO 7936 --- [    Test worker] o.s.b.t.m.w.SpringBootMockServletContext : Initializing Spring FrameworkServlet ''
2018-03-03 15:24:22.864  INFO 7936 --- [    Test worker] o.s.t.web.servlet.TestDispatcherServlet  : FrameworkServlet '': initialization started
2018-03-03 15:24:22.874  INFO 7936 --- [    Test worker] o.s.t.web.servlet.TestDispatcherServlet  : FrameworkServlet '': initialization completed in 10 ms
2018-03-03 15:24:22.938  INFO 7936 --- [    Test worker] c.c.C.TipoVehiculoControllerTest         : Started TipoVehiculoControllerTest in 0.662 seconds (JVM running for 5.072)
2018-03-03 15:24:22.944  INFO 7936 --- [    Test worker] o.s.b.t.m.w.SpringBootMockServletContext : Initializing Spring FrameworkServlet ''
2018-03-03 15:24:22.945  INFO 7936 --- [    Test worker] o.s.t.web.servlet.TestDispatcherServlet  : FrameworkServlet '': initialization started
2018-03-03 15:24:22.947  INFO 7936 --- [    Test worker] o.s.t.web.servlet.TestDispatcherServlet  : FrameworkServlet '': initialization completed in 2 ms

MockHttpServletRequest:
      HTTP Method = GET
      Request URI = /tipoVehiculo/tiposVehiculos
       Parameters = {}
          Headers = {}

Handler:
             Type = co.ceiba.web.TipoVehiculoController
           Method = public java.util.List<co.ceiba.model.TipoVehiculo> co.ceiba.web.TipoVehiculoController.listarTiposVehiculo()

Async:
    Async started = false
     Async result = null

Resolved Exception:
             Type = null

ModelAndView:
        View name = null
             View = null
            Model = null

FlashMap:
       Attributes = null

MockHttpServletResponse:
           Status = 200
    Error message = null
          Headers = {Content-Type=[application/json;charset=UTF-8]}
     Content type = application/json;charset=UTF-8
             Body = [{"idTipoVehiculo":0,"nombreTipoVehiculo":"carro","valorDia":8000.0,"valorHora":1000.0}]
    Forwarded URL = null
   Redirected URL = null
          Cookies = []
]]></system-out>
  <system-err><![CDATA[]]></system-err>
</testsuite>
