<?xml version="1.0" encoding="UTF-8"?>
<testsuite name="co.ceiba.service.EstacionamientoServiceImplTest" tests="2" skipped="0" failures="0" errors="0" timestamp="2018-03-03T20:24:32" hostname="HERNAN-RODRIGUEZ" time="0.077">
  <properties/>
  <testcase name="getEstacionamientoByIdVehiculo" classname="co.ceiba.service.EstacionamientoServiceImplTest" time="0.075"/>
  <testcase name="saveEstacionamiento" classname="co.ceiba.service.EstacionamientoServiceImplTest" time="0.001"/>
  <system-out><![CDATA[2018-03-03 15:24:32.596  INFO 7936 --- [    Test worker] o.s.t.c.s.DefaultTestContextBootstrapper : Neither @ContextConfiguration nor @ContextHierarchy found for test class [co.ceiba.service.EstacionamientoServiceImplTest], using DelegatingSmartContextLoader
2018-03-03 15:24:32.596  INFO 7936 --- [    Test worker] o.s.t.c.support.AbstractContextLoader    : Could not detect default resource locations for test class [co.ceiba.service.EstacionamientoServiceImplTest]: no resource found for suffixes {-context.xml}.
2018-03-03 15:24:32.597  INFO 7936 --- [    Test worker] c.s.AbstractDelegatingSmartContextLoader : AnnotationConfigContextLoader detected default configuration classes for context configuration [ContextConfigurationAttributes@27e3969c declaringClass = 'co.ceiba.service.EstacionamientoServiceImplTest', classes = '{class co.ceiba.service.EstacionamientoServiceImplTest$EstacionamientoServiceImplTestContextConfiguration}', locations = '{}', inheritLocations = false, initializers = '{}', inheritInitializers = true, name = [null], contextLoaderClass = 'org.springframework.test.context.ContextLoader'].
2018-03-03 15:24:32.602  INFO 7936 --- [    Test worker] o.s.t.c.s.DefaultTestContextBootstrapper : Loaded default TestExecutionListener class names from location [META-INF/spring.factories]: [org.springframework.boot.test.autoconfigure.restdocs.RestDocsTestExecutionListener, org.springframework.boot.test.autoconfigure.web.client.MockRestServiceServerResetTestExecutionListener, org.springframework.boot.test.autoconfigure.web.servlet.MockMvcPrintOnlyOnFailureTestExecutionListener, org.springframework.boot.test.autoconfigure.web.servlet.WebDriverTestExecutionListener, org.springframework.boot.test.mock.mockito.MockitoTestExecutionListener, org.springframework.boot.test.mock.mockito.ResetMocksTestExecutionListener, org.springframework.test.context.web.ServletTestExecutionListener, org.springframework.test.context.support.DirtiesContextBeforeModesTestExecutionListener, org.springframework.test.context.support.DependencyInjectionTestExecutionListener, org.springframework.test.context.support.DirtiesContextTestExecutionListener, org.springframework.test.context.transaction.TransactionalTestExecutionListener, org.springframework.test.context.jdbc.SqlScriptsTestExecutionListener]
2018-03-03 15:24:32.602  INFO 7936 --- [    Test worker] o.s.t.c.s.DefaultTestContextBootstrapper : Using TestExecutionListeners: [org.springframework.test.context.web.ServletTestExecutionListener@5ea1599c, org.springframework.test.context.support.DirtiesContextBeforeModesTestExecutionListener@54729e92, org.springframework.test.context.support.DependencyInjectionTestExecutionListener@3a5bb124, org.springframework.test.context.support.DirtiesContextTestExecutionListener@113c65, org.springframework.test.context.transaction.TransactionalTestExecutionListener@5428e842, org.springframework.test.context.jdbc.SqlScriptsTestExecutionListener@14ee6a5b, org.springframework.boot.test.autoconfigure.restdocs.RestDocsTestExecutionListener@73db2b73, org.springframework.boot.test.mock.mockito.ResetMocksTestExecutionListener@7aa0d379, org.springframework.boot.test.autoconfigure.web.servlet.MockMvcPrintOnlyOnFailureTestExecutionListener@69d94e97, org.springframework.boot.test.mock.mockito.MockitoTestExecutionListener@e024d45, org.springframework.boot.test.autoconfigure.web.client.MockRestServiceServerResetTestExecutionListener@24a87f45, org.springframework.boot.test.autoconfigure.web.servlet.WebDriverTestExecutionListener@58ef5bb2]
2018-03-03 15:24:32.604  INFO 7936 --- [    Test worker] o.s.c.support.GenericApplicationContext  : Refreshing org.springframework.context.support.GenericApplicationContext@7be10bce: startup date [Sat Mar 03 15:24:32 COT 2018]; root of context hierarchy
]]></system-out>
  <system-err><![CDATA[]]></system-err>
</testsuite>
