<?xml version="1.0" encoding="UTF-8"?>
<testsuite name="co.ceiba.service.VehiculoServiceImplTest" tests="5" skipped="0" failures="0" errors="0" timestamp="2018-02-28T01:22:27" hostname="HERNAN-RODRIGUEZ" time="0.019">
  <properties/>
  <testcase name="getByEstado" classname="co.ceiba.service.VehiculoServiceImplTest" time="0.004"/>
  <testcase name="getVehiculoByPlaca" classname="co.ceiba.service.VehiculoServiceImplTest" time="0.004"/>
  <testcase name="DeleteVehiculo" classname="co.ceiba.service.VehiculoServiceImplTest" time="0.003"/>
  <testcase name="getByTipoVehiculoAndEstado" classname="co.ceiba.service.VehiculoServiceImplTest" time="0.003"/>
  <testcase name="saveVehiculo" classname="co.ceiba.service.VehiculoServiceImplTest" time="0.002"/>
  <system-out><![CDATA[]]></system-out>
  <system-err><![CDATA[[Test worker] INFO org.springframework.test.context.support.DefaultTestContextBootstrapper - Neither @ContextConfiguration nor @ContextHierarchy found for test class [co.ceiba.service.VehiculoServiceImplTest], using DelegatingSmartContextLoader
[Test worker] INFO org.springframework.test.context.support.AbstractContextLoader - Could not detect default resource locations for test class [co.ceiba.service.VehiculoServiceImplTest]: no resource found for suffixes {-context.xml}.
[Test worker] INFO org.springframework.test.context.support.AbstractDelegatingSmartContextLoader - AnnotationConfigContextLoader detected default configuration classes for context configuration [ContextConfigurationAttributes@7b0a01cd declaringClass = 'co.ceiba.service.VehiculoServiceImplTest', classes = '{class co.ceiba.service.VehiculoServiceImplTest$VehiculoServiceImplTestContextConfiguration}', locations = '{}', inheritLocations = false, initializers = '{}', inheritInitializers = true, name = [null], contextLoaderClass = 'org.springframework.test.context.ContextLoader'].
[Test worker] INFO org.springframework.test.context.support.DefaultTestContextBootstrapper - Loaded default TestExecutionListener class names from location [META-INF/spring.factories]: [org.springframework.boot.test.autoconfigure.restdocs.RestDocsTestExecutionListener, org.springframework.boot.test.autoconfigure.web.client.MockRestServiceServerResetTestExecutionListener, org.springframework.boot.test.autoconfigure.web.servlet.MockMvcPrintOnlyOnFailureTestExecutionListener, org.springframework.boot.test.autoconfigure.web.servlet.WebDriverTestExecutionListener, org.springframework.boot.test.mock.mockito.MockitoTestExecutionListener, org.springframework.boot.test.mock.mockito.ResetMocksTestExecutionListener, org.springframework.test.context.web.ServletTestExecutionListener, org.springframework.test.context.support.DirtiesContextBeforeModesTestExecutionListener, org.springframework.test.context.support.DependencyInjectionTestExecutionListener, org.springframework.test.context.support.DirtiesContextTestExecutionListener, org.springframework.test.context.transaction.TransactionalTestExecutionListener, org.springframework.test.context.jdbc.SqlScriptsTestExecutionListener]
[Test worker] INFO org.springframework.test.context.support.DefaultTestContextBootstrapper - Using TestExecutionListeners: [org.springframework.test.context.web.ServletTestExecutionListener@1cbffb94, org.springframework.test.context.support.DirtiesContextBeforeModesTestExecutionListener@6729d329, org.springframework.test.context.support.DependencyInjectionTestExecutionListener@5e96110f, org.springframework.test.context.support.DirtiesContextTestExecutionListener@426191bc, org.springframework.test.context.transaction.TransactionalTestExecutionListener@2161b13f, org.springframework.test.context.jdbc.SqlScriptsTestExecutionListener@8f88ea1, org.springframework.boot.test.autoconfigure.restdocs.RestDocsTestExecutionListener@6608e8d8, org.springframework.boot.test.autoconfigure.web.client.MockRestServiceServerResetTestExecutionListener@282a79d4, org.springframework.boot.test.autoconfigure.web.servlet.MockMvcPrintOnlyOnFailureTestExecutionListener@46ecda7, org.springframework.boot.test.autoconfigure.web.servlet.WebDriverTestExecutionListener@48afc60d, org.springframework.boot.test.mock.mockito.MockitoTestExecutionListener@69c0a9e8, org.springframework.boot.test.mock.mockito.ResetMocksTestExecutionListener@12df99dd]
[Test worker] WARN org.springframework.boot.test.json.DuplicateJsonObjectContextCustomizerFactory$DuplicateJsonObjectContextCustomizer - 

Found multiple occurrences of org.json.JSONObject on the class path:

	jar:file:/C:/Users/hernan.rodriguez/.gradle/caches/modules-2/files-2.1/org.json/json/20180130/26ba2ec0e791a32ea5dfbedfcebf36447ee5b12c/json-20180130.jar!/org/json/JSONObject.class
	jar:file:/C:/Users/hernan.rodriguez/.gradle/caches/modules-2/files-2.1/com.vaadin.external.google/android-json/0.0.20131108.vaadin1/fa26d351fe62a6a17f5cda1287c1c6110dec413f/android-json-0.0.20131108.vaadin1.jar!/org/json/JSONObject.class

You may wish to exclude one of them to ensure predictable runtime behavior

[Test worker] INFO org.springframework.context.support.GenericApplicationContext - Refreshing org.springframework.context.support.GenericApplicationContext@60ae7dd4: startup date [Tue Feb 27 20:22:27 COT 2018]; root of context hierarchy
]]></system-err>
</testsuite>
